[ 2020-04-29T20:19:49+08:00 ] ::1 /together/index.php/Home/Idveri/IdGet?StudentId=2018210445&name=
INFO: [ app_init ] --START--
INFO: Run Behavior\BuildLiteBehavior [ RunTime:0.000012s ]
INFO: [ app_init ] --END-- [ RunTime:0.003013s ]
INFO: [ app_begin ] --START--
INFO: Run Behavior\ReadHtmlCacheBehavior [ RunTime:0.027725s ]
INFO: [ app_begin ] --END-- [ RunTime:0.027759s ]
NOTIC: [8] Undefined index: StudentId D:\xampp\htdocs\together\Application\Home\Controller\IdveriController.class.php 第 9 行.

[ 2020-04-29T20:21:06+08:00 ] ::1 /together/index.php/Home/Idveri/IdGet?StudentId=&name=
INFO: [ app_init ] --START--
INFO: Run Behavior\BuildLiteBehavior [ RunTime:0.000008s ]
INFO: [ app_init ] --END-- [ RunTime:0.000952s ]
INFO: [ app_begin ] --START--
INFO: Run Behavior\ReadHtmlCacheBehavior [ RunTime:0.002083s ]
INFO: [ app_begin ] --END-- [ RunTime:0.002193s ]
NOTIC: [8] Undefined index: StudentId D:\xampp\htdocs\together\Application\Home\Controller\IdveriController.class.php 第 9 行.

[ 2020-04-29T20:21:28+08:00 ] ::1 /together/index.php/Home/Idveri/IdGet?StudentId=2018210445&name=
INFO: [ app_init ] --START--
INFO: Run Behavior\BuildLiteBehavior [ RunTime:0.000007s ]
INFO: [ app_init ] --END-- [ RunTime:0.001210s ]
INFO: [ app_begin ] --START--
INFO: Run Behavior\ReadHtmlCacheBehavior [ RunTime:0.000855s ]
INFO: [ app_begin ] --END-- [ RunTime:0.000887s ]
NOTIC: [8] Undefined index: StudentId D:\xampp\htdocs\together\Application\Home\Controller\IdveriController.class.php 第 9 行.

[ 2020-04-29T20:21:45+08:00 ] ::1 /together/index.php/Home/Idveri/IdGet?StudentId=2018210445&name=%E5%AD%99%E5%96%B5%E5%96%B5
INFO: [ app_init ] --START--
INFO: Run Behavior\BuildLiteBehavior [ RunTime:0.000008s ]
INFO: [ app_init ] --END-- [ RunTime:0.001117s ]
INFO: [ app_begin ] --START--
INFO: Run Behavior\ReadHtmlCacheBehavior [ RunTime:0.000790s ]
INFO: [ app_begin ] --END-- [ RunTime:0.000812s ]
NOTIC: [8] Undefined index: StudentId D:\xampp\htdocs\together\Application\Home\Controller\IdveriController.class.php 第 9 行.

[ 2020-04-29T20:34:44+08:00 ] ::1 /together/index.php/Home/Idveri/IdGet
INFO: [ app_init ] --START--
INFO: Run Behavior\BuildLiteBehavior [ RunTime:0.000007s ]
INFO: [ app_init ] --END-- [ RunTime:0.000635s ]
INFO: [ app_begin ] --START--
INFO: Run Behavior\ReadHtmlCacheBehavior [ RunTime:0.000840s ]
INFO: [ app_begin ] --END-- [ RunTime:0.000861s ]
INFO: [ app_end ] --START--
INFO: Run Behavior\ShowPageTraceBehavior [ RunTime:0.033763s ]
INFO: [ app_end ] --END-- [ RunTime:0.033801s ]

[ 2020-04-29T20:36:43+08:00 ] ::1 /together/index.php/Home/Idveri/IdGet
INFO: [ app_init ] --START--
INFO: Run Behavior\BuildLiteBehavior [ RunTime:0.000024s ]
INFO: [ app_init ] --END-- [ RunTime:0.000974s ]
INFO: [ app_begin ] --START--
INFO: Run Behavior\ReadHtmlCacheBehavior [ RunTime:0.002048s ]
INFO: [ app_begin ] --END-- [ RunTime:0.002080s ]
INFO: [ app_end ] --START--
INFO: Run Behavior\ShowPageTraceBehavior [ RunTime:0.001076s ]
INFO: [ app_end ] --END-- [ RunTime:0.001125s ]

[ 2020-04-29T20:37:08+08:00 ] ::1 /together/index.php/Home/Idveri/IdGet
INFO: [ app_init ] --START--
INFO: Run Behavior\BuildLiteBehavior [ RunTime:0.000006s ]
INFO: [ app_init ] --END-- [ RunTime:0.000815s ]
INFO: [ app_begin ] --START--
INFO: Run Behavior\ReadHtmlCacheBehavior [ RunTime:0.001827s ]
INFO: [ app_begin ] --END-- [ RunTime:0.001932s ]

[ 2020-04-29T20:55:12+08:00 ] ::1 /together/index.php/Home/Idveri/IdGet
INFO: [ app_init ] --START--
INFO: Run Behavior\BuildLiteBehavior [ RunTime:0.000011s ]
INFO: [ app_init ] --END-- [ RunTime:0.001594s ]
INFO: [ app_begin ] --START--
INFO: Run Behavior\ReadHtmlCacheBehavior [ RunTime:0.001479s ]
INFO: [ app_begin ] --END-- [ RunTime:0.001546s ]

[ 2020-04-29T20:55:20+08:00 ] ::1 /together/index.php/Home/Idveri/IdGet
INFO: [ app_init ] --START--
INFO: Run Behavior\BuildLiteBehavior [ RunTime:0.000013s ]
INFO: [ app_init ] --END-- [ RunTime:0.000795s ]
INFO: [ app_begin ] --START--
INFO: Run Behavior\ReadHtmlCacheBehavior [ RunTime:0.001172s ]
INFO: [ app_begin ] --END-- [ RunTime:0.001213s ]

[ 2020-04-29T20:55:36+08:00 ] ::1 /together/index.php/Home/Idveri/IdGet
INFO: [ app_init ] --START--
INFO: Run Behavior\BuildLiteBehavior [ RunTime:0.000013s ]
INFO: [ app_init ] --END-- [ RunTime:0.002064s ]
INFO: [ app_begin ] --START--
INFO: Run Behavior\ReadHtmlCacheBehavior [ RunTime:0.000938s ]
INFO: [ app_begin ] --END-- [ RunTime:0.000982s ]

[ 2020-04-29T20:56:02+08:00 ] ::1 /together/index.php/Home/Idveri/IdGet
INFO: [ app_init ] --START--
INFO: Run Behavior\BuildLiteBehavior [ RunTime:0.000009s ]
INFO: [ app_init ] --END-- [ RunTime:0.001603s ]
INFO: [ app_begin ] --START--
INFO: Run Behavior\ReadHtmlCacheBehavior [ RunTime:0.002298s ]
INFO: [ app_begin ] --END-- [ RunTime:0.002420s ]
INFO: [ app_end ] --START--
INFO: Run Behavior\ShowPageTraceBehavior [ RunTime:0.001706s ]
INFO: [ app_end ] --END-- [ RunTime:0.001802s ]

[ 2020-04-29T20:57:42+08:00 ] ::1 /together/index.php/Home/Idveri/IdGet
INFO: [ app_init ] --START--
INFO: Run Behavior\BuildLiteBehavior [ RunTime:0.000011s ]
INFO: [ app_init ] --END-- [ RunTime:0.001382s ]
INFO: [ app_begin ] --START--
INFO: Run Behavior\ReadHtmlCacheBehavior [ RunTime:0.001857s ]
INFO: [ app_begin ] --END-- [ RunTime:0.001903s ]
SQL: SHOW COLUMNS FROM `verified` [ RunTime:0.0351s ]
SQL: SELECT * FROM `verified` WHERE ( 2018210445 ) LIMIT 1   [ RunTime:0.0002s ]
ERR: 1054:Unknown column '孙喵喵' in 'where clause'
 [ SQL语句 ] : SELECT `vname` FROM `verified` WHERE ( 孙喵喵 ) LIMIT 1  
ERR: 1054:Unknown column '孙喵喵' in 'where clause'
 [ SQL语句 ] : SELECT `vname` FROM `verified` WHERE ( 孙喵喵 ) LIMIT 1  

[ 2020-04-29T20:59:10+08:00 ] ::1 /together/index.php/Home/Idveri/IdGet
INFO: [ app_init ] --START--
INFO: Run Behavior\BuildLiteBehavior [ RunTime:0.000008s ]
INFO: [ app_init ] --END-- [ RunTime:0.000815s ]
INFO: [ app_begin ] --START--
INFO: Run Behavior\ReadHtmlCacheBehavior [ RunTime:0.001397s ]
INFO: [ app_begin ] --END-- [ RunTime:0.001447s ]
SQL: SHOW COLUMNS FROM `verified` [ RunTime:0.0173s ]
SQL: SELECT * FROM `verified` WHERE ( 2018210445 ) LIMIT 1   [ RunTime:0.0003s ]
ERR: 1054:Unknown column '孙喵喵' in 'where clause'
 [ SQL语句 ] : SELECT `vname` FROM `verified` WHERE ( 孙喵喵 ) LIMIT 1  
ERR: 1054:Unknown column '孙喵喵' in 'where clause'
 [ SQL语句 ] : SELECT `vname` FROM `verified` WHERE ( 孙喵喵 ) LIMIT 1  

[ 2020-04-29T21:04:56+08:00 ] ::1 /together/index.php/Home/Idveri/IdGet
INFO: [ app_init ] --START--
INFO: Run Behavior\BuildLiteBehavior [ RunTime:0.000011s ]
INFO: [ app_init ] --END-- [ RunTime:0.001318s ]
INFO: [ app_begin ] --START--
INFO: Run Behavior\ReadHtmlCacheBehavior [ RunTime:0.001060s ]
INFO: [ app_begin ] --END-- [ RunTime:0.001089s ]
SQL: SHOW COLUMNS FROM `verified` [ RunTime:0.0903s ]
SQL: SELECT * FROM `verified` WHERE ( 2018210445 ) LIMIT 1   [ RunTime:0.0004s ]
ERR: 1054:Unknown column 'smy' in 'where clause'
 [ SQL语句 ] : SELECT `vname` FROM `verified` WHERE ( smy ) LIMIT 1  
ERR: 1054:Unknown column 'smy' in 'where clause'
 [ SQL语句 ] : SELECT `vname` FROM `verified` WHERE ( smy ) LIMIT 1  

[ 2020-04-29T21:11:05+08:00 ] ::1 /together/index.php/Home/Idveri/IdGet
INFO: [ app_init ] --START--
INFO: Run Behavior\BuildLiteBehavior [ RunTime:0.000020s ]
INFO: [ app_init ] --END-- [ RunTime:0.007816s ]
INFO: [ app_begin ] --START--
INFO: Run Behavior\ReadHtmlCacheBehavior [ RunTime:0.001479s ]
INFO: [ app_begin ] --END-- [ RunTime:0.001541s ]
SQL: SHOW COLUMNS FROM `verified` [ RunTime:0.0094s ]
SQL: SELECT * FROM `verified` WHERE ( 2018210445 ) LIMIT 1   [ RunTime:0.0003s ]
ERR: 1054:Unknown column 'smy' in 'where clause'
 [ SQL语句 ] : SELECT `vname` FROM `verified` WHERE ( smy ) LIMIT 1  
ERR: 1054:Unknown column 'smy' in 'where clause'
 [ SQL语句 ] : SELECT `vname` FROM `verified` WHERE ( smy ) LIMIT 1  

[ 2020-04-29T21:11:17+08:00 ] ::1 /together/index.php/Home/Idveri/IdGet
INFO: [ app_init ] --START--
INFO: Run Behavior\BuildLiteBehavior [ RunTime:0.000008s ]
INFO: [ app_init ] --END-- [ RunTime:0.000938s ]
INFO: [ app_begin ] --START--
INFO: Run Behavior\ReadHtmlCacheBehavior [ RunTime:0.001278s ]
INFO: [ app_begin ] --END-- [ RunTime:0.001316s ]

[ 2020-04-29T21:11:41+08:00 ] ::1 /together/index.php/Home/Idveri/IdGet
INFO: [ app_init ] --START--
INFO: Run Behavior\BuildLiteBehavior [ RunTime:0.000030s ]
INFO: [ app_init ] --END-- [ RunTime:0.001278s ]
INFO: [ app_begin ] --START--
INFO: Run Behavior\ReadHtmlCacheBehavior [ RunTime:0.001406s ]
INFO: [ app_begin ] --END-- [ RunTime:0.001448s ]

[ 2020-04-29T21:12:17+08:00 ] ::1 /together/index.php/Home/Idveri/IdGet
INFO: [ app_init ] --START--
INFO: Run Behavior\BuildLiteBehavior [ RunTime:0.000008s ]
INFO: [ app_init ] --END-- [ RunTime:0.001143s ]
INFO: [ app_begin ] --START--
INFO: Run Behavior\ReadHtmlCacheBehavior [ RunTime:0.001174s ]
INFO: [ app_begin ] --END-- [ RunTime:0.001246s ]
SQL: SHOW COLUMNS FROM `verified` [ RunTime:0.0132s ]
SQL: SELECT * FROM `verified` WHERE ( 2018210445 ) LIMIT 1   [ RunTime:0.0004s ]
ERR: 1054:Unknown column 'sun' in 'where clause'
 [ SQL语句 ] : SELECT `vname` FROM `verified` WHERE ( sun ) LIMIT 1  
ERR: 1054:Unknown column 'sun' in 'where clause'
 [ SQL语句 ] : SELECT `vname` FROM `verified` WHERE ( sun ) LIMIT 1  

[ 2020-04-29T21:19:12+08:00 ] ::1 /together/index.php/Home/Idveri/IdGet
INFO: [ app_init ] --START--
INFO: Run Behavior\BuildLiteBehavior [ RunTime:0.000007s ]
INFO: [ app_init ] --END-- [ RunTime:0.001157s ]
INFO: [ app_begin ] --START--
INFO: Run Behavior\ReadHtmlCacheBehavior [ RunTime:0.001622s ]
INFO: [ app_begin ] --END-- [ RunTime:0.001692s ]
SQL: SHOW COLUMNS FROM `verified` [ RunTime:0.0183s ]
SQL: SELECT * FROM `verified` WHERE ( vsn='2018210445' ) LIMIT 1   [ RunTime:0.0008s ]
SQL: SELECT `vname` FROM `verified` WHERE ( vname='sun' ) LIMIT 1   [ RunTime:0.0346s ]

[ 2020-04-29T21:19:23+08:00 ] ::1 /together/index.php/Home/Idveri/IdGet
INFO: [ app_init ] --START--
INFO: Run Behavior\BuildLiteBehavior [ RunTime:0.000009s ]
INFO: [ app_init ] --END-- [ RunTime:0.002860s ]
INFO: [ app_begin ] --START--
INFO: Run Behavior\ReadHtmlCacheBehavior [ RunTime:0.001495s ]
INFO: [ app_begin ] --END-- [ RunTime:0.001553s ]
SQL: SHOW COLUMNS FROM `verified` [ RunTime:0.0092s ]
SQL: SELECT * FROM `verified` WHERE ( vsn='2018210445' ) LIMIT 1   [ RunTime:0.0004s ]
SQL: SELECT `vname` FROM `verified` WHERE ( vname='smy' ) LIMIT 1   [ RunTime:0.0003s ]

[ 2020-04-29T21:29:25+08:00 ] ::1 /together/index.php/Home/Idveri/Idveri
INFO: [ app_init ] --START--
INFO: Run Behavior\BuildLiteBehavior [ RunTime:0.000009s ]
INFO: [ app_init ] --END-- [ RunTime:0.001894s ]
INFO: [ app_begin ] --START--
INFO: Run Behavior\ReadHtmlCacheBehavior [ RunTime:0.001337s ]
INFO: [ app_begin ] --END-- [ RunTime:0.001372s ]
SQL: SHOW COLUMNS FROM `verified` [ RunTime:0.0667s ]
SQL: SELECT * FROM `verified` WHERE ( vsn='2018210445' ) LIMIT 1   [ RunTime:0.0003s ]
SQL: SELECT `vname` FROM `verified` WHERE ( vname='smy' ) LIMIT 1   [ RunTime:0.0002s ]

[ 2020-04-29T21:29:52+08:00 ] ::1 /together/index.php/Home/Idveri/Idveri
INFO: [ app_init ] --START--
INFO: Run Behavior\BuildLiteBehavior [ RunTime:0.000013s ]
INFO: [ app_init ] --END-- [ RunTime:0.003028s ]
INFO: [ app_begin ] --START--
INFO: Run Behavior\ReadHtmlCacheBehavior [ RunTime:0.002348s ]
INFO: [ app_begin ] --END-- [ RunTime:0.002423s ]
SQL: SHOW COLUMNS FROM `verified` [ RunTime:0.0691s ]
SQL: SELECT * FROM `verified` WHERE ( vsn='2018210445' ) LIMIT 1   [ RunTime:0.0002s ]
SQL: SELECT `vname` FROM `verified` WHERE ( vname='smhh' ) LIMIT 1   [ RunTime:0.0002s ]

[ 2020-04-29T21:30:19+08:00 ] ::1 /together/index.php/Home/Idveri/Idveri
INFO: [ app_init ] --START--
INFO: Run Behavior\BuildLiteBehavior [ RunTime:0.000008s ]
INFO: [ app_init ] --END-- [ RunTime:0.000629s ]
INFO: [ app_begin ] --START--
INFO: Run Behavior\ReadHtmlCacheBehavior [ RunTime:0.000833s ]
INFO: [ app_begin ] --END-- [ RunTime:0.000854s ]
SQL: SHOW COLUMNS FROM `verified` [ RunTime:0.0311s ]
SQL: SELECT * FROM `verified` WHERE ( vsn='2018210445' ) LIMIT 1   [ RunTime:0.0002s ]
SQL: SELECT `vname` FROM `verified` WHERE ( vname='smhh' ) LIMIT 1   [ RunTime:0.0002s ]

[ 2020-04-29T21:30:26+08:00 ] ::1 /together/index.php/Home/Idveri/Idveri
INFO: [ app_init ] --START--
INFO: Run Behavior\BuildLiteBehavior [ RunTime:0.000008s ]
INFO: [ app_init ] --END-- [ RunTime:0.002064s ]
INFO: [ app_begin ] --START--
INFO: Run Behavior\ReadHtmlCacheBehavior [ RunTime:0.001959s ]
INFO: [ app_begin ] --END-- [ RunTime:0.002003s ]
SQL: SHOW COLUMNS FROM `verified` [ RunTime:0.0553s ]
SQL: SELECT * FROM `verified` WHERE ( vsn='2018210445' ) LIMIT 1   [ RunTime:0.0002s ]
SQL: SELECT `vname` FROM `verified` WHERE ( vname='孙喵喵' ) LIMIT 1   [ RunTime:0.0003s ]

[ 2020-04-29T22:04:07+08:00 ] ::1 /together/index.php/Home/Idveri/Idveri
INFO: [ app_init ] --START--
INFO: Run Behavior\BuildLiteBehavior [ RunTime:0.000007s ]
INFO: [ app_init ] --END-- [ RunTime:0.001086s ]
INFO: [ app_begin ] --START--
INFO: Run Behavior\ReadHtmlCacheBehavior [ RunTime:0.001248s ]
INFO: [ app_begin ] --END-- [ RunTime:0.001275s ]
SQL: SHOW COLUMNS FROM `verified` [ RunTime:0.0643s ]
SQL: SELECT * FROM `verified` WHERE ( vsn='2018210448' ) LIMIT 1   [ RunTime:0.0003s ]
SQL: SELECT `vname` FROM `verified` WHERE ( vname='孙喵喵' ) LIMIT 1   [ RunTime:0.0002s ]

[ 2020-04-29T22:04:13+08:00 ] ::1 /together/index.php/Home/Idveri/Idveri
INFO: [ app_init ] --START--
INFO: Run Behavior\BuildLiteBehavior [ RunTime:0.000011s ]
INFO: [ app_init ] --END-- [ RunTime:0.000833s ]
INFO: [ app_begin ] --START--
INFO: Run Behavior\ReadHtmlCacheBehavior [ RunTime:0.001168s ]
INFO: [ app_begin ] --END-- [ RunTime:0.001202s ]
SQL: SHOW COLUMNS FROM `verified` [ RunTime:0.0884s ]
SQL: SELECT * FROM `verified` WHERE ( vsn='2018210445' ) LIMIT 1   [ RunTime:0.0003s ]
SQL: SELECT `vname` FROM `verified` WHERE ( vname='孙喵喵' ) LIMIT 1   [ RunTime:0.0002s ]

[ 2020-04-29T22:04:19+08:00 ] ::1 /together/index.php/Home/Idveri/Idveri
INFO: [ app_init ] --START--
INFO: Run Behavior\BuildLiteBehavior [ RunTime:0.000005s ]
INFO: [ app_init ] --END-- [ RunTime:0.000532s ]
INFO: [ app_begin ] --START--
INFO: Run Behavior\ReadHtmlCacheBehavior [ RunTime:0.001224s ]
INFO: [ app_begin ] --END-- [ RunTime:0.001264s ]
SQL: SHOW COLUMNS FROM `verified` [ RunTime:0.0354s ]
SQL: SELECT * FROM `verified` WHERE ( vsn='2018210448' ) LIMIT 1   [ RunTime:0.0002s ]
SQL: SELECT `vname` FROM `verified` WHERE ( vname='孙喵喵' ) LIMIT 1   [ RunTime:0.0002s ]

[ 2020-04-29T22:08:21+08:00 ] ::1 /together/index.php/Home/Idveri/Idveri
INFO: [ app_init ] --START--
INFO: Run Behavior\BuildLiteBehavior [ RunTime:0.000006s ]
INFO: [ app_init ] --END-- [ RunTime:0.000620s ]
INFO: [ app_begin ] --START--
INFO: Run Behavior\ReadHtmlCacheBehavior [ RunTime:0.001155s ]
INFO: [ app_begin ] --END-- [ RunTime:0.001200s ]
SQL: SHOW COLUMNS FROM `verified` [ RunTime:0.0112s ]
SQL: SELECT * FROM `verified` WHERE ( vsn='2018210448' ) LIMIT 1   [ RunTime:0.0006s ]
SQL: SELECT * FROM `verified` WHERE ( vname='孙喵喵' ) LIMIT 1   [ RunTime:0.0006s ]

[ 2020-04-29T22:08:47+08:00 ] ::1 /together/index.php/Home/Idveri/Idveri
INFO: [ app_init ] --START--
INFO: Run Behavior\BuildLiteBehavior [ RunTime:0.000020s ]
INFO: [ app_init ] --END-- [ RunTime:0.000940s ]
INFO: [ app_begin ] --START--
INFO: Run Behavior\ReadHtmlCacheBehavior [ RunTime:0.000857s ]
INFO: [ app_begin ] --END-- [ RunTime:0.000878s ]
SQL: SHOW COLUMNS FROM `verified` [ RunTime:0.0562s ]
SQL: SELECT * FROM `verified` WHERE ( vsn='2018210444' ) LIMIT 1   [ RunTime:0.0003s ]
SQL: SELECT * FROM `verified` WHERE ( vname='孙喵喵' ) LIMIT 1   [ RunTime:0.0002s ]

[ 2020-04-29T22:09:33+08:00 ] ::1 /together/index.php/Home/Idveri/Idveri
INFO: [ app_init ] --START--
INFO: Run Behavior\BuildLiteBehavior [ RunTime:0.000006s ]
INFO: [ app_init ] --END-- [ RunTime:0.000561s ]
INFO: [ app_begin ] --START--
INFO: Run Behavior\ReadHtmlCacheBehavior [ RunTime:0.000638s ]
INFO: [ app_begin ] --END-- [ RunTime:0.000659s ]
SQL: SHOW COLUMNS FROM `verified` [ RunTime:0.0116s ]
SQL: SELECT * FROM `verified` WHERE ( vsn='2018210444' ) LIMIT 1   [ RunTime:0.0003s ]
SQL: SELECT vname='孙喵喵' FROM `verified` WHERE ( vsn='2018210444' ) LIMIT 1   [ RunTime:0.0002s ]

[ 2020-04-29T22:09:39+08:00 ] ::1 /together/index.php/Home/Idveri/Idveri
INFO: [ app_init ] --START--
INFO: Run Behavior\BuildLiteBehavior [ RunTime:0.000016s ]
INFO: [ app_init ] --END-- [ RunTime:0.000921s ]
INFO: [ app_begin ] --START--
INFO: Run Behavior\ReadHtmlCacheBehavior [ RunTime:0.001223s ]
INFO: [ app_begin ] --END-- [ RunTime:0.001259s ]
SQL: SHOW COLUMNS FROM `verified` [ RunTime:0.0794s ]
SQL: SELECT * FROM `verified` WHERE ( vsn='2018210445' ) LIMIT 1   [ RunTime:0.0003s ]
SQL: SELECT vname='孙喵喵' FROM `verified` WHERE ( vsn='2018210445' ) LIMIT 1   [ RunTime:0.0002s ]

[ 2020-04-29T22:09:45+08:00 ] ::1 /together/index.php/Home/Idveri/Idveri
INFO: [ app_init ] --START--
INFO: Run Behavior\BuildLiteBehavior [ RunTime:0.000007s ]
INFO: [ app_init ] --END-- [ RunTime:0.001163s ]
INFO: [ app_begin ] --START--
INFO: Run Behavior\ReadHtmlCacheBehavior [ RunTime:0.000958s ]
INFO: [ app_begin ] --END-- [ RunTime:0.000985s ]
SQL: SHOW COLUMNS FROM `verified` [ RunTime:0.0703s ]
SQL: SELECT * FROM `verified` WHERE ( vsn='2018210445' ) LIMIT 1   [ RunTime:0.0003s ]
SQL: SELECT vname='孙' FROM `verified` WHERE ( vsn='2018210445' ) LIMIT 1   [ RunTime:0.0002s ]

[ 2020-04-29T22:09:53+08:00 ] ::1 /together/index.php/Home/Idveri/Idveri
INFO: [ app_init ] --START--
INFO: Run Behavior\BuildLiteBehavior [ RunTime:0.000009s ]
INFO: [ app_init ] --END-- [ RunTime:0.000813s ]
INFO: [ app_begin ] --START--
INFO: Run Behavior\ReadHtmlCacheBehavior [ RunTime:0.000943s ]
INFO: [ app_begin ] --END-- [ RunTime:0.000985s ]

[ 2020-04-29T22:10:02+08:00 ] ::1 /together/index.php/Home/Idveri/Idveri
INFO: [ app_init ] --START--
INFO: Run Behavior\BuildLiteBehavior [ RunTime:0.000008s ]
INFO: [ app_init ] --END-- [ RunTime:0.001293s ]
INFO: [ app_begin ] --START--
INFO: Run Behavior\ReadHtmlCacheBehavior [ RunTime:0.002389s ]
INFO: [ app_begin ] --END-- [ RunTime:0.002494s ]
SQL: SHOW COLUMNS FROM `verified` [ RunTime:0.0793s ]
SQL: SELECT * FROM `verified` WHERE ( vsn='2018210445' ) LIMIT 1   [ RunTime:0.0007s ]
SQL: SELECT vname='孙很好' FROM `verified` WHERE ( vsn='2018210445' ) LIMIT 1   [ RunTime:0.0007s ]

[ 2020-04-29T22:10:55+08:00 ] ::1 /together/index.php/Home/Idveri/Idveri
INFO: [ app_init ] --START--
INFO: Run Behavior\BuildLiteBehavior [ RunTime:0.000013s ]
INFO: [ app_init ] --END-- [ RunTime:0.001552s ]
INFO: [ app_begin ] --START--
INFO: Run Behavior\ReadHtmlCacheBehavior [ RunTime:0.001585s ]
INFO: [ app_begin ] --END-- [ RunTime:0.001622s ]
SQL: SHOW COLUMNS FROM `verified` [ RunTime:0.0160s ]
SQL: SELECT * FROM `verified` WHERE ( vsn='2018210445' ) LIMIT 1   [ RunTime:0.0003s ]
SQL: SELECT vname='孙很好' FROM `verified` WHERE ( vsn='2018210445' )  [ RunTime:0.0002s ]

[ 2020-04-29T22:11:00+08:00 ] ::1 /together/index.php/Home/Idveri/Idveri
INFO: [ app_init ] --START--
INFO: Run Behavior\BuildLiteBehavior [ RunTime:0.000006s ]
INFO: [ app_init ] --END-- [ RunTime:0.000777s ]
INFO: [ app_begin ] --START--
INFO: Run Behavior\ReadHtmlCacheBehavior [ RunTime:0.001039s ]
INFO: [ app_begin ] --END-- [ RunTime:0.001076s ]
SQL: SHOW COLUMNS FROM `verified` [ RunTime:0.0112s ]
SQL: SELECT * FROM `verified` WHERE ( vsn='2018210445' ) LIMIT 1   [ RunTime:0.0010s ]
SQL: SELECT vname='孙' FROM `verified` WHERE ( vsn='2018210445' )  [ RunTime:0.0006s ]

[ 2020-04-29T22:21:24+08:00 ] ::1 /together/index.php/Home/Idveri/Idveri
INFO: [ app_init ] --START--
INFO: Run Behavior\BuildLiteBehavior [ RunTime:0.000005s ]
INFO: [ app_init ] --END-- [ RunTime:0.000608s ]
INFO: [ app_begin ] --START--
INFO: Run Behavior\ReadHtmlCacheBehavior [ RunTime:0.000762s ]
INFO: [ app_begin ] --END-- [ RunTime:0.000783s ]
SQL: SHOW COLUMNS FROM `verified` [ RunTime:0.0139s ]
SQL: SELECT * FROM `verified` WHERE ( vsn='2018210445' ) LIMIT 1   [ RunTime:0.0003s ]
SQL: SELECT `vname` FROM `verified` WHERE ( vsn='2018210445' ) LIMIT 1   [ RunTime:0.0002s ]

[ 2020-04-29T22:21:34+08:00 ] ::1 /together/index.php/Home/Idveri/Idveri
INFO: [ app_init ] --START--
INFO: Run Behavior\BuildLiteBehavior [ RunTime:0.000006s ]
INFO: [ app_init ] --END-- [ RunTime:0.000818s ]
INFO: [ app_begin ] --START--
INFO: Run Behavior\ReadHtmlCacheBehavior [ RunTime:0.000626s ]
INFO: [ app_begin ] --END-- [ RunTime:0.000645s ]
SQL: SHOW COLUMNS FROM `verified` [ RunTime:0.0137s ]
SQL: SELECT * FROM `verified` WHERE ( vsn='2018210445' ) LIMIT 1   [ RunTime:0.0003s ]
SQL: SELECT `vname` FROM `verified` WHERE ( vsn='2018210445' ) LIMIT 1   [ RunTime:0.0002s ]

[ 2020-04-29T22:21:36+08:00 ] ::1 /together/index.php/Home/Idveri/Idveri
INFO: [ app_init ] --START--
INFO: Run Behavior\BuildLiteBehavior [ RunTime:0.000013s ]
INFO: [ app_init ] --END-- [ RunTime:0.001033s ]
INFO: [ app_begin ] --START--
INFO: Run Behavior\ReadHtmlCacheBehavior [ RunTime:0.001298s ]
INFO: [ app_begin ] --END-- [ RunTime:0.001358s ]
SQL: SHOW COLUMNS FROM `verified` [ RunTime:0.0838s ]
SQL: SELECT * FROM `verified` WHERE ( vsn='2018210445' ) LIMIT 1   [ RunTime:0.0003s ]
SQL: SELECT `vname` FROM `verified` WHERE ( vsn='2018210445' ) LIMIT 1   [ RunTime:0.0002s ]

[ 2020-04-29T22:21:37+08:00 ] ::1 /together/index.php/Home/Idveri/Idveri
INFO: [ app_init ] --START--
INFO: Run Behavior\BuildLiteBehavior [ RunTime:0.000011s ]
INFO: [ app_init ] --END-- [ RunTime:0.000759s ]
INFO: [ app_begin ] --START--
INFO: Run Behavior\ReadHtmlCacheBehavior [ RunTime:0.001130s ]
INFO: [ app_begin ] --END-- [ RunTime:0.001171s ]
SQL: SHOW COLUMNS FROM `verified` [ RunTime:0.0178s ]
SQL: SELECT * FROM `verified` WHERE ( vsn='2018210445' ) LIMIT 1   [ RunTime:0.0009s ]
SQL: SELECT `vname` FROM `verified` WHERE ( vsn='2018210445' ) LIMIT 1   [ RunTime:0.0010s ]

[ 2020-04-29T22:22:28+08:00 ] ::1 /together/index.php/Home/Idveri/Idveri
INFO: [ app_init ] --START--
INFO: Run Behavior\BuildLiteBehavior [ RunTime:0.000009s ]
INFO: [ app_init ] --END-- [ RunTime:0.002254s ]
INFO: [ app_begin ] --START--
INFO: Run Behavior\ReadHtmlCacheBehavior [ RunTime:0.002473s ]
INFO: [ app_begin ] --END-- [ RunTime:0.002633s ]
SQL: SHOW COLUMNS FROM `verified` [ RunTime:0.0117s ]
SQL: SELECT * FROM `verified` WHERE ( vsn='2018210445' ) LIMIT 1   [ RunTime:0.0008s ]
SQL: SELECT `vname` FROM `verified` WHERE ( vsn='2018210445' ) LIMIT 1   [ RunTime:0.0002s ]

[ 2020-04-29T22:23:18+08:00 ] ::1 /together/index.php/Home/Idveri/Idveri
INFO: [ app_init ] --START--
INFO: Run Behavior\BuildLiteBehavior [ RunTime:0.000028s ]
INFO: [ app_init ] --END-- [ RunTime:0.001244s ]
INFO: [ app_begin ] --START--
INFO: Run Behavior\ReadHtmlCacheBehavior [ RunTime:0.001565s ]
INFO: [ app_begin ] --END-- [ RunTime:0.001597s ]
SQL: SHOW COLUMNS FROM `verified` [ RunTime:0.5331s ]
SQL: SELECT * FROM `verified` WHERE ( vsn='2018210445' ) LIMIT 1   [ RunTime:0.0002s ]
SQL: SELECT `vname` FROM `verified` WHERE ( vsn='2018210445' ) LIMIT 1   [ RunTime:0.0001s ]

[ 2020-04-29T22:23:53+08:00 ] ::1 /together/index.php/Home/Idveri/Idveri
INFO: [ app_init ] --START--
INFO: Run Behavior\BuildLiteBehavior [ RunTime:0.000012s ]
INFO: [ app_init ] --END-- [ RunTime:0.000842s ]
INFO: [ app_begin ] --START--
INFO: Run Behavior\ReadHtmlCacheBehavior [ RunTime:0.000736s ]
INFO: [ app_begin ] --END-- [ RunTime:0.000760s ]
SQL: SHOW COLUMNS FROM `verified` [ RunTime:0.0101s ]
SQL: SELECT * FROM `verified` WHERE ( vsn='2018210445' ) LIMIT 1   [ RunTime:0.0002s ]
SQL: SELECT `vname` FROM `verified` WHERE ( vsn='2018210445' ) LIMIT 1   [ RunTime:0.0002s ]

[ 2020-04-29T22:24:45+08:00 ] ::1 /together/index.php/Home/Idveri/Idveri
INFO: [ app_init ] --START--
INFO: Run Behavior\BuildLiteBehavior [ RunTime:0.000005s ]
INFO: [ app_init ] --END-- [ RunTime:0.000694s ]
INFO: [ app_begin ] --START--
INFO: Run Behavior\ReadHtmlCacheBehavior [ RunTime:0.001126s ]
INFO: [ app_begin ] --END-- [ RunTime:0.001157s ]
SQL: SHOW COLUMNS FROM `verified` [ RunTime:0.0633s ]
SQL: SELECT * FROM `verified` WHERE ( vsn='2018210445' ) LIMIT 1   [ RunTime:0.0003s ]
SQL: SELECT `vname` FROM `verified` WHERE ( vsn='2018210445' ) LIMIT 1   [ RunTime:0.0003s ]

[ 2020-04-29T22:47:53+08:00 ] ::1 /together/index.php/Home/Idveri/Idveri
INFO: [ app_init ] --START--
INFO: Run Behavior\BuildLiteBehavior [ RunTime:0.000019s ]
INFO: [ app_init ] --END-- [ RunTime:0.001154s ]
INFO: [ app_begin ] --START--
INFO: Run Behavior\ReadHtmlCacheBehavior [ RunTime:0.001449s ]
INFO: [ app_begin ] --END-- [ RunTime:0.001497s ]
SQL: SHOW COLUMNS FROM `verified` [ RunTime:0.0140s ]
SQL: SELECT * FROM `verified` WHERE ( vsn='2018210445' ) LIMIT 1   [ RunTime:0.0007s ]
SQL: SELECT `vname` FROM `verified` WHERE ( vsn='2018210445' ) LIMIT 1   [ RunTime:0.0003s ]

[ 2020-04-29T22:48:01+08:00 ] ::1 /together/index.php/Home/Idveri/Idveri
INFO: [ app_init ] --START--
INFO: Run Behavior\BuildLiteBehavior [ RunTime:0.000010s ]
INFO: [ app_init ] --END-- [ RunTime:0.001643s ]
INFO: [ app_begin ] --START--
INFO: Run Behavior\ReadHtmlCacheBehavior [ RunTime:0.003109s ]
INFO: [ app_begin ] --END-- [ RunTime:0.003157s ]
SQL: SHOW COLUMNS FROM `verified` [ RunTime:0.0157s ]
SQL: SELECT * FROM `verified` WHERE ( vsn='2018210445' ) LIMIT 1   [ RunTime:0.0004s ]
SQL: SELECT `vname` FROM `verified` WHERE ( vsn='2018210445' ) LIMIT 1   [ RunTime:0.0002s ]

[ 2020-04-29T22:51:48+08:00 ] ::1 /together/index.php/Home/Idveri/Idveri
INFO: [ app_init ] --START--
INFO: Run Behavior\BuildLiteBehavior [ RunTime:0.000028s ]
INFO: [ app_init ] --END-- [ RunTime:0.002796s ]
INFO: [ app_begin ] --START--
INFO: Run Behavior\ReadHtmlCacheBehavior [ RunTime:0.001396s ]
INFO: [ app_begin ] --END-- [ RunTime:0.001438s ]
SQL: SHOW COLUMNS FROM `verified` [ RunTime:0.0247s ]
SQL: SELECT * FROM `verified` WHERE ( vsn='2018210445' ) LIMIT 1   [ RunTime:0.0003s ]
SQL: SELECT vname='孙喵' FROM `verified` WHERE ( vsn='2018210445' ) LIMIT 1   [ RunTime:0.0001s ]

[ 2020-04-29T22:55:43+08:00 ] ::1 /together/index.php/Home/Idveri/Idveri
INFO: [ app_init ] --START--
INFO: Run Behavior\BuildLiteBehavior [ RunTime:0.000031s ]
INFO: [ app_init ] --END-- [ RunTime:0.002413s ]
INFO: [ app_begin ] --START--
INFO: Run Behavior\ReadHtmlCacheBehavior [ RunTime:0.001541s ]
INFO: [ app_begin ] --END-- [ RunTime:0.001593s ]
SQL: SHOW COLUMNS FROM `verified` [ RunTime:0.4282s ]
SQL: SELECT * FROM `verified` WHERE ( vsn='2018210445' ) LIMIT 1   [ RunTime:0.0003s ]
SQL: SELECT vname='孙喵' FROM `verified` WHERE ( vsn='2018210445' ) LIMIT 1   [ RunTime:0.0002s ]

[ 2020-04-29T22:56:17+08:00 ] ::1 /together/index.php/Home/Idveri/Idveri
INFO: [ app_init ] --START--
INFO: Run Behavior\BuildLiteBehavior [ RunTime:0.000008s ]
INFO: [ app_init ] --END-- [ RunTime:0.000922s ]
INFO: [ app_begin ] --START--
INFO: Run Behavior\ReadHtmlCacheBehavior [ RunTime:0.001578s ]
INFO: [ app_begin ] --END-- [ RunTime:0.001633s ]
SQL: SHOW COLUMNS FROM `verified` [ RunTime:0.0110s ]
SQL: SELECT * FROM `verified` WHERE ( vsn='2018210000' ) LIMIT 1   [ RunTime:0.0004s ]

[ 2020-04-29T22:57:49+08:00 ] ::1 /together/index.php/Home/Idveri/Idveri
INFO: [ app_init ] --START--
INFO: Run Behavior\BuildLiteBehavior [ RunTime:0.000006s ]
INFO: [ app_init ] --END-- [ RunTime:0.000831s ]
INFO: [ app_begin ] --START--
INFO: Run Behavior\ReadHtmlCacheBehavior [ RunTime:0.001004s ]
INFO: [ app_begin ] --END-- [ RunTime:0.001048s ]
SQL: SHOW COLUMNS FROM `verified` [ RunTime:0.0130s ]
SQL: SELECT * FROM `verified` WHERE ( vsn='2018210445' ) LIMIT 1   [ RunTime:0.0003s ]
SQL: SELECT * FROM `verified` WHERE ( vname='孙喵' ) LIMIT 1   [ RunTime:0.0002s ]

[ 2020-04-29T22:58:23+08:00 ] ::1 /together/index.php/Home/Idveri/Idveri
INFO: [ app_init ] --START--
INFO: Run Behavior\BuildLiteBehavior [ RunTime:0.000011s ]
INFO: [ app_init ] --END-- [ RunTime:0.001152s ]
INFO: [ app_begin ] --START--
INFO: Run Behavior\ReadHtmlCacheBehavior [ RunTime:0.001373s ]
INFO: [ app_begin ] --END-- [ RunTime:0.001443s ]
SQL: SHOW COLUMNS FROM `verified` [ RunTime:0.0100s ]
SQL: SELECT * FROM `verified` WHERE ( vsn='2018210445' ) LIMIT 1   [ RunTime:0.0009s ]
SQL: SELECT * FROM `verified` WHERE ( vname='王琦琦' ) LIMIT 1   [ RunTime:0.0004s ]

