[ 2020-05-01T21:01:12+08:00 ] ::1 /together/index.php/Home/Idveri/Idveri
INFO: [ app_init ] --START--
INFO: Run Behavior\BuildLiteBehavior [ RunTime:0.000007s ]
INFO: [ app_init ] --END-- [ RunTime:0.019004s ]
INFO: [ app_begin ] --START--
INFO: Run Behavior\ReadHtmlCacheBehavior [ RunTime:0.019726s ]
INFO: [ app_begin ] --END-- [ RunTime:0.019759s ]
SQL: SHOW COLUMNS FROM `verified` [ RunTime:0.4466s ]
SQL: SELECT * FROM `verified` WHERE ( vsn='2018210445' ) LIMIT 1   [ RunTime:0.0003s ]
ERR: 1054:Unknown column '$pvsn' in 'field list'
 [ SQL语句 ] : SELECT verified.vsn=$pvsn FROM `verified` WHERE ( vname='王琦琦' ) LIMIT 1  
ERR: 1054:Unknown column '$pvsn' in 'field list'
 [ SQL语句 ] : SELECT verified.vsn=$pvsn FROM `verified` WHERE ( vname='王琦琦' ) LIMIT 1  

[ 2020-05-01T21:01:58+08:00 ] ::1 /together/index.php/Home/Idveri/Idveri
INFO: [ app_init ] --START--
INFO: Run Behavior\BuildLiteBehavior [ RunTime:0.000009s ]
INFO: [ app_init ] --END-- [ RunTime:0.000768s ]
INFO: [ app_begin ] --START--
INFO: Run Behavior\ReadHtmlCacheBehavior [ RunTime:0.002834s ]
INFO: [ app_begin ] --END-- [ RunTime:0.002920s ]
SQL: SHOW COLUMNS FROM `verified` [ RunTime:0.0100s ]
SQL: SELECT * FROM `verified` WHERE ( vsn='2018210445' ) LIMIT 1   [ RunTime:0.0003s ]
ERR: 1054:Unknown column 'pvsn' in 'field list'
 [ SQL语句 ] : SELECT verified.vsn=pvsn FROM `verified` WHERE ( vname='王琦琦' ) LIMIT 1  
ERR: 1054:Unknown column 'pvsn' in 'field list'
 [ SQL语句 ] : SELECT verified.vsn=pvsn FROM `verified` WHERE ( vname='王琦琦' ) LIMIT 1  

[ 2020-05-01T21:03:13+08:00 ] ::1 /together/index.php/Home/Idveri/Idveri
INFO: [ app_init ] --START--
INFO: Run Behavior\BuildLiteBehavior [ RunTime:0.000009s ]
INFO: [ app_init ] --END-- [ RunTime:0.001083s ]
INFO: [ app_begin ] --START--
INFO: Run Behavior\ReadHtmlCacheBehavior [ RunTime:0.001137s ]
INFO: [ app_begin ] --END-- [ RunTime:0.001174s ]
SQL: SHOW COLUMNS FROM `verified` [ RunTime:0.0661s ]
SQL: SELECT * FROM `verified` WHERE ( vsn='2018210445' ) LIMIT 1   [ RunTime:0.0005s ]
SQL: SELECT verified.vsn='2018210445' FROM `verified` WHERE ( vname='王琦琦' ) LIMIT 1   [ RunTime:0.0004s ]

[ 2020-05-01T21:04:16+08:00 ] ::1 /together/index.php/Home/Idveri/Idveri
INFO: [ app_init ] --START--
INFO: Run Behavior\BuildLiteBehavior [ RunTime:0.000009s ]
INFO: [ app_init ] --END-- [ RunTime:0.001097s ]
INFO: [ app_begin ] --START--
INFO: Run Behavior\ReadHtmlCacheBehavior [ RunTime:0.001134s ]
INFO: [ app_begin ] --END-- [ RunTime:0.001162s ]
SQL: SHOW COLUMNS FROM `verified` [ RunTime:0.0121s ]
SQL: SELECT * FROM `verified` WHERE ( vsn='2018210445' ) LIMIT 1   [ RunTime:0.0004s ]
NOTIC: [2] Use of undefined constant fualse - assumed 'fualse' (this will throw an Error in a future version of PHP) D:\xampp\htdocs\together\Application\Home\Controller\IdveriController.class.php 第 32 行.
SQL: SELECT verified.vsn='2018210445' FROM `verified` WHERE `vsn` = 'fualse'  [ RunTime:0.0008s ]

[ 2020-05-01T21:04:31+08:00 ] ::1 /together/index.php/Home/Idveri/Idveri
INFO: [ app_init ] --START--
INFO: Run Behavior\BuildLiteBehavior [ RunTime:0.000015s ]
INFO: [ app_init ] --END-- [ RunTime:0.001367s ]
INFO: [ app_begin ] --START--
INFO: Run Behavior\ReadHtmlCacheBehavior [ RunTime:0.001517s ]
INFO: [ app_begin ] --END-- [ RunTime:0.001558s ]
SQL: SHOW COLUMNS FROM `verified` [ RunTime:0.0192s ]
SQL: SELECT * FROM `verified` WHERE ( vsn='2018210445' ) LIMIT 1   [ RunTime:0.0003s ]
NOTIC: [2] Use of undefined constant fualse - assumed 'fualse' (this will throw an Error in a future version of PHP) D:\xampp\htdocs\together\Application\Home\Controller\IdveriController.class.php 第 32 行.
SQL: SELECT verified.vsn='2018210445' FROM `verified` WHERE `vsn` = 'fualse'  [ RunTime:0.0003s ]

[ 2020-05-01T21:04:33+08:00 ] ::1 /together/index.php/Home/Idveri/Idveri
INFO: [ app_init ] --START--
INFO: Run Behavior\BuildLiteBehavior [ RunTime:0.000049s ]
INFO: [ app_init ] --END-- [ RunTime:0.003075s ]
INFO: [ app_begin ] --START--
INFO: Run Behavior\ReadHtmlCacheBehavior [ RunTime:0.001067s ]
INFO: [ app_begin ] --END-- [ RunTime:0.001103s ]
SQL: SHOW COLUMNS FROM `verified` [ RunTime:0.0131s ]
SQL: SELECT * FROM `verified` WHERE ( vsn='2018210445' ) LIMIT 1   [ RunTime:0.0002s ]
NOTIC: [2] Use of undefined constant fualse - assumed 'fualse' (this will throw an Error in a future version of PHP) D:\xampp\htdocs\together\Application\Home\Controller\IdveriController.class.php 第 32 行.
SQL: SELECT verified.vsn='2018210445' FROM `verified` WHERE `vsn` = 'fualse'  [ RunTime:0.0001s ]

[ 2020-05-01T21:04:34+08:00 ] ::1 /together/index.php/Home/Idveri/Idveri
INFO: [ app_init ] --START--
INFO: Run Behavior\BuildLiteBehavior [ RunTime:0.000014s ]
INFO: [ app_init ] --END-- [ RunTime:0.001054s ]
INFO: [ app_begin ] --START--
INFO: Run Behavior\ReadHtmlCacheBehavior [ RunTime:0.001451s ]
INFO: [ app_begin ] --END-- [ RunTime:0.001505s ]
SQL: SHOW COLUMNS FROM `verified` [ RunTime:0.0440s ]
SQL: SELECT * FROM `verified` WHERE ( vsn='2018210445' ) LIMIT 1   [ RunTime:0.0002s ]
NOTIC: [2] Use of undefined constant fualse - assumed 'fualse' (this will throw an Error in a future version of PHP) D:\xampp\htdocs\together\Application\Home\Controller\IdveriController.class.php 第 32 行.
SQL: SELECT verified.vsn='2018210445' FROM `verified` WHERE `vsn` = 'fualse'  [ RunTime:0.0002s ]

[ 2020-05-01T21:05:17+08:00 ] ::1 /together/index.php/Home/Idveri/Idveri
INFO: [ app_init ] --START--
INFO: Run Behavior\BuildLiteBehavior [ RunTime:0.000011s ]
INFO: [ app_init ] --END-- [ RunTime:0.001048s ]
INFO: [ app_begin ] --START--
INFO: Run Behavior\ReadHtmlCacheBehavior [ RunTime:0.001062s ]
INFO: [ app_begin ] --END-- [ RunTime:0.001102s ]
SQL: SHOW COLUMNS FROM `verified` [ RunTime:0.0576s ]
SQL: SELECT * FROM `verified` WHERE ( vsn='2018210445' ) LIMIT 1   [ RunTime:0.0011s ]
NOTIC: [2] Use of undefined constant fualse - assumed 'fualse' (this will throw an Error in a future version of PHP) D:\xampp\htdocs\together\Application\Home\Controller\IdveriController.class.php 第 32 行.
SQL: SELECT verified.vsn='2018210445' FROM `verified` WHERE `vsn` = 'fualse'  [ RunTime:0.0003s ]

[ 2020-05-01T21:06:01+08:00 ] ::1 /together/index.php/Home/Idveri/Idveri
INFO: [ app_init ] --START--
INFO: Run Behavior\BuildLiteBehavior [ RunTime:0.000009s ]
INFO: [ app_init ] --END-- [ RunTime:0.001023s ]
INFO: [ app_begin ] --START--
INFO: Run Behavior\ReadHtmlCacheBehavior [ RunTime:0.001494s ]
INFO: [ app_begin ] --END-- [ RunTime:0.001636s ]
SQL: SHOW COLUMNS FROM `verified` [ RunTime:0.0582s ]
SQL: SELECT * FROM `verified` WHERE ( vsn='2018210445' ) LIMIT 1   [ RunTime:0.0005s ]
NOTIC: [2] Use of undefined constant faulse - assumed 'faulse' (this will throw an Error in a future version of PHP) D:\xampp\htdocs\together\Application\Home\Controller\IdveriController.class.php 第 32 行.
SQL: SELECT verified.vsn='2018210445' FROM `verified` WHERE `vsn` = 'faulse'  [ RunTime:0.0003s ]

[ 2020-05-01T21:06:16+08:00 ] ::1 /together/index.php/Home/Idveri/Idveri
INFO: [ app_init ] --START--
INFO: Run Behavior\BuildLiteBehavior [ RunTime:0.000005s ]
INFO: [ app_init ] --END-- [ RunTime:0.000694s ]
INFO: [ app_begin ] --START--
INFO: Run Behavior\ReadHtmlCacheBehavior [ RunTime:0.000852s ]
INFO: [ app_begin ] --END-- [ RunTime:0.000875s ]
SQL: SHOW COLUMNS FROM `verified` [ RunTime:0.0092s ]
SQL: SELECT * FROM `verified` WHERE ( vsn='2018210445' ) LIMIT 1   [ RunTime:0.0002s ]
SQL: SELECT verified.vsn='2018210445' FROM `verified` WHERE ( vname='孙喵喵' )  [ RunTime:0.0001s ]

[ 2020-05-01T21:06:26+08:00 ] ::1 /together/index.php/Home/Idveri/Idveri
INFO: [ app_init ] --START--
INFO: Run Behavior\BuildLiteBehavior [ RunTime:0.000006s ]
INFO: [ app_init ] --END-- [ RunTime:0.000712s ]
INFO: [ app_begin ] --START--
INFO: Run Behavior\ReadHtmlCacheBehavior [ RunTime:0.001041s ]
INFO: [ app_begin ] --END-- [ RunTime:0.001077s ]
SQL: SHOW COLUMNS FROM `verified` [ RunTime:0.0204s ]
SQL: SELECT * FROM `verified` WHERE ( vsn='2018210445' ) LIMIT 1   [ RunTime:0.0003s ]
SQL: SELECT verified.vsn='2018210445' FROM `verified` WHERE ( vname='孙很好' )  [ RunTime:0.0002s ]

[ 2020-05-01T21:06:35+08:00 ] ::1 /together/index.php/Home/Idveri/Idveri
INFO: [ app_init ] --START--
INFO: Run Behavior\BuildLiteBehavior [ RunTime:0.000010s ]
INFO: [ app_init ] --END-- [ RunTime:0.001077s ]
INFO: [ app_begin ] --START--
INFO: Run Behavior\ReadHtmlCacheBehavior [ RunTime:0.002134s ]
INFO: [ app_begin ] --END-- [ RunTime:0.002235s ]
SQL: SHOW COLUMNS FROM `verified` [ RunTime:0.0086s ]
SQL: SELECT * FROM `verified` WHERE ( vsn='2018210445' ) LIMIT 1   [ RunTime:0.0002s ]
SQL: SELECT verified.vsn='2018210445' FROM `verified` WHERE ( vname='王琦琦' )  [ RunTime:0.0002s ]

[ 2020-05-01T21:09:06+08:00 ] ::1 /together/index.php/Home/Idveri/Idveri
INFO: [ app_init ] --START--
INFO: Run Behavior\BuildLiteBehavior [ RunTime:0.000021s ]
INFO: [ app_init ] --END-- [ RunTime:0.001232s ]
INFO: [ app_begin ] --START--
INFO: Run Behavior\ReadHtmlCacheBehavior [ RunTime:0.001089s ]
INFO: [ app_begin ] --END-- [ RunTime:0.001118s ]
SQL: SHOW COLUMNS FROM `verified` [ RunTime:0.4180s ]
SQL: SELECT * FROM `verified` WHERE ( vsn='2018210445' ) LIMIT 1   [ RunTime:0.0003s ]
SQL: SELECT * FROM `verified` WHERE ( vname='王琦琦' )  [ RunTime:0.0002s ]

[ 2020-05-01T21:10:38+08:00 ] ::1 /together/index.php/Home/Idveri/Idveri
INFO: [ app_init ] --START--
INFO: Run Behavior\BuildLiteBehavior [ RunTime:0.000010s ]
INFO: [ app_init ] --END-- [ RunTime:0.001188s ]
INFO: [ app_begin ] --START--
INFO: Run Behavior\ReadHtmlCacheBehavior [ RunTime:0.002024s ]
INFO: [ app_begin ] --END-- [ RunTime:0.002113s ]
SQL: SHOW COLUMNS FROM `verified` [ RunTime:0.0503s ]
SQL: SELECT * FROM `verified` WHERE ( vsn='2018210445' ) LIMIT 1   [ RunTime:0.0002s ]
SQL: SELECT * FROM `verified` WHERE ( vname='王琦琦' )  [ RunTime:0.0002s ]

[ 2020-05-01T21:13:35+08:00 ] ::1 /together/index.php/Home/Idveri/Idveri
INFO: [ app_init ] --START--
INFO: Run Behavior\BuildLiteBehavior [ RunTime:0.000005s ]
INFO: [ app_init ] --END-- [ RunTime:0.000665s ]
INFO: [ app_begin ] --START--
INFO: Run Behavior\ReadHtmlCacheBehavior [ RunTime:0.001428s ]
INFO: [ app_begin ] --END-- [ RunTime:0.001492s ]
SQL: SHOW COLUMNS FROM `verified` [ RunTime:0.0712s ]
SQL: SELECT * FROM `verified` WHERE ( vsn='2018210445' ) LIMIT 1   [ RunTime:0.0003s ]
NOTIC: [8] Array to string conversion D:\xampp\htdocs\together\Application\Home\Controller\IdveriController.class.php 第 34 行.

[ 2020-05-01T21:14:26+08:00 ] ::1 /together/index.php/Home/Idveri/Idveri
INFO: [ app_init ] --START--
INFO: Run Behavior\BuildLiteBehavior [ RunTime:0.000008s ]
INFO: [ app_init ] --END-- [ RunTime:0.001163s ]
INFO: [ app_begin ] --START--
INFO: Run Behavior\ReadHtmlCacheBehavior [ RunTime:0.001221s ]
INFO: [ app_begin ] --END-- [ RunTime:0.001256s ]
SQL: SHOW COLUMNS FROM `verified` [ RunTime:0.0562s ]
SQL: SELECT * FROM `verified` WHERE ( vsn='2018210445' ) LIMIT 1   [ RunTime:0.0002s ]
NOTIC: [8] Array to string conversion D:\xampp\htdocs\together\Application\Home\Controller\IdveriController.class.php 第 34 行.

[ 2020-05-01T21:22:43+08:00 ] ::1 /together/index.php/Home/Idveri/Idveri
INFO: [ app_init ] --START--
INFO: Run Behavior\BuildLiteBehavior [ RunTime:0.000037s ]
INFO: [ app_init ] --END-- [ RunTime:0.001888s ]
INFO: [ app_begin ] --START--
INFO: Run Behavior\ReadHtmlCacheBehavior [ RunTime:0.000942s ]
INFO: [ app_begin ] --END-- [ RunTime:0.000968s ]
ERR: syntax error, unexpected 'dump' (T_STRING)

[ 2020-05-01T21:23:18+08:00 ] ::1 /together/index.php/Home/Idveri/Idveri
INFO: [ app_init ] --START--
INFO: Run Behavior\BuildLiteBehavior [ RunTime:0.000029s ]
INFO: [ app_init ] --END-- [ RunTime:0.000886s ]
INFO: [ app_begin ] --START--
INFO: Run Behavior\ReadHtmlCacheBehavior [ RunTime:0.001457s ]
INFO: [ app_begin ] --END-- [ RunTime:0.001526s ]
SQL: SHOW COLUMNS FROM `verified` [ RunTime:0.3326s ]
SQL: SELECT `vsn` FROM `verified` WHERE ( vsn='2018210445' ) LIMIT 1   [ RunTime:0.0003s ]
SQL: SELECT `vname` FROM `verified` WHERE ( vsn='2018210445' ) LIMIT 1   [ RunTime:0.0002s ]

[ 2020-05-01T21:24:17+08:00 ] ::1 /together/index.php/Home/Idveri/Idveri
INFO: [ app_init ] --START--
INFO: Run Behavior\BuildLiteBehavior [ RunTime:0.000006s ]
INFO: [ app_init ] --END-- [ RunTime:0.000678s ]
INFO: [ app_begin ] --START--
INFO: Run Behavior\ReadHtmlCacheBehavior [ RunTime:0.000889s ]
INFO: [ app_begin ] --END-- [ RunTime:0.000916s ]
SQL: SHOW COLUMNS FROM `verified` [ RunTime:0.0085s ]
SQL: SELECT `vsn` FROM `verified` WHERE ( vsn='2018210445' ) LIMIT 1   [ RunTime:0.0002s ]
SQL: SELECT `vname` FROM `verified` WHERE ( vsn='2018210445' ) LIMIT 1   [ RunTime:0.0001s ]

[ 2020-05-01T21:25:06+08:00 ] ::1 /together/index.php/Home/Idveri/Idveri
INFO: [ app_init ] --START--
INFO: Run Behavior\BuildLiteBehavior [ RunTime:0.000008s ]
INFO: [ app_init ] --END-- [ RunTime:0.000848s ]
INFO: [ app_begin ] --START--
INFO: Run Behavior\ReadHtmlCacheBehavior [ RunTime:0.001247s ]
INFO: [ app_begin ] --END-- [ RunTime:0.001287s ]
SQL: SHOW COLUMNS FROM `verified` [ RunTime:0.0203s ]
SQL: SELECT `vsn` FROM `verified` WHERE ( vsn='2018210445' ) LIMIT 1   [ RunTime:0.0006s ]
SQL: SELECT `vname` FROM `verified` WHERE ( vsn='2018210445' ) LIMIT 1   [ RunTime:0.0002s ]

[ 2020-05-01T21:25:16+08:00 ] ::1 /together/index.php/Home/Idveri/Idveri
INFO: [ app_init ] --START--
INFO: Run Behavior\BuildLiteBehavior [ RunTime:0.000007s ]
INFO: [ app_init ] --END-- [ RunTime:0.000768s ]
INFO: [ app_begin ] --START--
INFO: Run Behavior\ReadHtmlCacheBehavior [ RunTime:0.002477s ]
INFO: [ app_begin ] --END-- [ RunTime:0.002527s ]
SQL: SHOW COLUMNS FROM `verified` [ RunTime:0.0165s ]
SQL: SELECT `vsn` FROM `verified` WHERE ( vsn='2018210445' ) LIMIT 1   [ RunTime:0.0003s ]
SQL: SELECT `vname` FROM `verified` WHERE ( vsn='2018210445' ) LIMIT 1   [ RunTime:0.0002s ]

[ 2020-05-01T21:26:30+08:00 ] ::1 /together/index.php/Home/Idveri/Idveri
INFO: [ app_init ] --START--
INFO: Run Behavior\BuildLiteBehavior [ RunTime:0.000006s ]
INFO: [ app_init ] --END-- [ RunTime:0.000782s ]
INFO: [ app_begin ] --START--
INFO: Run Behavior\ReadHtmlCacheBehavior [ RunTime:0.001007s ]
INFO: [ app_begin ] --END-- [ RunTime:0.001038s ]
SQL: SHOW COLUMNS FROM `verified` [ RunTime:0.0146s ]
SQL: SELECT `vsn` FROM `verified` WHERE ( vsn='2018210445' ) LIMIT 1   [ RunTime:0.0003s ]
SQL: SELECT `vname` FROM `verified` WHERE ( vsn='2018210445' ) LIMIT 1   [ RunTime:0.0002s ]

[ 2020-05-01T21:27:08+08:00 ] ::1 /together/index.php/Home/Idveri/Idveri
INFO: [ app_init ] --START--
INFO: Run Behavior\BuildLiteBehavior [ RunTime:0.000010s ]
INFO: [ app_init ] --END-- [ RunTime:0.000921s ]
INFO: [ app_begin ] --START--
INFO: Run Behavior\ReadHtmlCacheBehavior [ RunTime:0.000851s ]
INFO: [ app_begin ] --END-- [ RunTime:0.000881s ]
SQL: SHOW COLUMNS FROM `verified` [ RunTime:0.0961s ]
SQL: SELECT `vsn` FROM `verified` WHERE ( vsn='2018210445' ) LIMIT 1   [ RunTime:0.0002s ]
SQL: SELECT `vname` FROM `verified` WHERE ( vsn='2018210445' ) LIMIT 1   [ RunTime:0.0002s ]

[ 2020-05-01T21:28:18+08:00 ] ::1 /together/index.php/Home/Idveri/Idveri
INFO: [ app_init ] --START--
INFO: Run Behavior\BuildLiteBehavior [ RunTime:0.000006s ]
INFO: [ app_init ] --END-- [ RunTime:0.000721s ]
INFO: [ app_begin ] --START--
INFO: Run Behavior\ReadHtmlCacheBehavior [ RunTime:0.000858s ]
INFO: [ app_begin ] --END-- [ RunTime:0.000877s ]
SQL: SHOW COLUMNS FROM `verified` [ RunTime:0.0106s ]
SQL: SELECT `vsn` FROM `verified` WHERE ( vsn='2018210445' ) LIMIT 1   [ RunTime:0.0004s ]
SQL: SELECT `vname` FROM `verified` WHERE ( vsn='2018210445' ) LIMIT 1   [ RunTime:0.0002s ]

[ 2020-05-01T21:28:34+08:00 ] ::1 /together/index.php/Home/Idveri/Idveri
INFO: [ app_init ] --START--
INFO: Run Behavior\BuildLiteBehavior [ RunTime:0.000011s ]
INFO: [ app_init ] --END-- [ RunTime:0.001249s ]
INFO: [ app_begin ] --START--
INFO: Run Behavior\ReadHtmlCacheBehavior [ RunTime:0.001613s ]
INFO: [ app_begin ] --END-- [ RunTime:0.001652s ]
SQL: SHOW COLUMNS FROM `verified` [ RunTime:0.0481s ]
SQL: SELECT `vsn` FROM `verified` WHERE ( vsn='2018210445' ) LIMIT 1   [ RunTime:0.0002s ]
SQL: SELECT `vname` FROM `verified` WHERE ( vsn='2018210445' ) LIMIT 1   [ RunTime:0.0001s ]

[ 2020-05-01T21:29:12+08:00 ] ::1 /together/index.php/Home/Idveri/Idveri
INFO: [ app_init ] --START--
INFO: Run Behavior\BuildLiteBehavior [ RunTime:0.000008s ]
INFO: [ app_init ] --END-- [ RunTime:0.001056s ]
INFO: [ app_begin ] --START--
INFO: Run Behavior\ReadHtmlCacheBehavior [ RunTime:0.001028s ]
INFO: [ app_begin ] --END-- [ RunTime:0.001081s ]
SQL: SHOW COLUMNS FROM `verified` [ RunTime:0.0109s ]
SQL: SELECT `vsn` FROM `verified` WHERE ( vsn='2018210445' ) LIMIT 1   [ RunTime:0.0002s ]
SQL: SELECT `vname` FROM `verified` WHERE ( vsn='2018210445' ) LIMIT 1   [ RunTime:0.0001s ]

[ 2020-05-01T21:29:38+08:00 ] ::1 /together/index.php/Home/Idveri/Idveri
INFO: [ app_init ] --START--
INFO: Run Behavior\BuildLiteBehavior [ RunTime:0.000006s ]
INFO: [ app_init ] --END-- [ RunTime:0.000687s ]
INFO: [ app_begin ] --START--
INFO: Run Behavior\ReadHtmlCacheBehavior [ RunTime:0.000908s ]
INFO: [ app_begin ] --END-- [ RunTime:0.000962s ]
SQL: SHOW COLUMNS FROM `verified` [ RunTime:0.0143s ]
SQL: SELECT `vsn` FROM `verified` WHERE ( vsn='2018210445' ) LIMIT 1   [ RunTime:0.0007s ]
SQL: SELECT `vname` FROM `verified` WHERE ( vsn='2018210445' ) LIMIT 1   [ RunTime:0.0005s ]

[ 2020-05-01T21:30:05+08:00 ] ::1 /together/index.php/Home/Idveri/Idveri
INFO: [ app_init ] --START--
INFO: Run Behavior\BuildLiteBehavior [ RunTime:0.000035s ]
INFO: [ app_init ] --END-- [ RunTime:0.002070s ]
INFO: [ app_begin ] --START--
INFO: Run Behavior\ReadHtmlCacheBehavior [ RunTime:0.001350s ]
INFO: [ app_begin ] --END-- [ RunTime:0.001405s ]
SQL: SHOW COLUMNS FROM `verified` [ RunTime:0.0204s ]
SQL: SELECT `vsn` FROM `verified` WHERE ( vsn='2018210445' ) LIMIT 1   [ RunTime:0.0007s ]
SQL: SELECT `vname` FROM `verified` WHERE ( vsn='2018210445' ) LIMIT 1   [ RunTime:0.0008s ]

[ 2020-05-01T21:30:37+08:00 ] ::1 /together/index.php/Home/Idveri/Idveri
INFO: [ app_init ] --START--
INFO: Run Behavior\BuildLiteBehavior [ RunTime:0.000006s ]
INFO: [ app_init ] --END-- [ RunTime:0.000711s ]
INFO: [ app_begin ] --START--
INFO: Run Behavior\ReadHtmlCacheBehavior [ RunTime:0.001431s ]
INFO: [ app_begin ] --END-- [ RunTime:0.001459s ]
SQL: SHOW COLUMNS FROM `verified` [ RunTime:0.0507s ]
SQL: SELECT `vsn` FROM `verified` WHERE ( vsn='2018210445' ) LIMIT 1   [ RunTime:0.0002s ]
SQL: SELECT `vname` FROM `verified` WHERE ( vsn='2018210445' ) LIMIT 1   [ RunTime:0.0001s ]

[ 2020-05-01T21:30:50+08:00 ] ::1 /together/index.php/Home/Idveri/Idveri
INFO: [ app_init ] --START--
INFO: Run Behavior\BuildLiteBehavior [ RunTime:0.000013s ]
INFO: [ app_init ] --END-- [ RunTime:0.001015s ]
INFO: [ app_begin ] --START--
INFO: Run Behavior\ReadHtmlCacheBehavior [ RunTime:0.001746s ]
INFO: [ app_begin ] --END-- [ RunTime:0.001863s ]
SQL: SHOW COLUMNS FROM `verified` [ RunTime:0.0632s ]
SQL: SELECT `vsn` FROM `verified` WHERE ( vsn='2018210445' ) LIMIT 1   [ RunTime:0.0005s ]
SQL: SELECT `vname` FROM `verified` WHERE ( vsn='2018210445' ) LIMIT 1   [ RunTime:0.0004s ]

[ 2020-05-01T21:31:05+08:00 ] ::1 /together/index.php/Home/Idveri/Idveri
INFO: [ app_init ] --START--
INFO: Run Behavior\BuildLiteBehavior [ RunTime:0.000007s ]
INFO: [ app_init ] --END-- [ RunTime:0.000902s ]
INFO: [ app_begin ] --START--
INFO: Run Behavior\ReadHtmlCacheBehavior [ RunTime:0.000735s ]
INFO: [ app_begin ] --END-- [ RunTime:0.000758s ]
SQL: SHOW COLUMNS FROM `verified` [ RunTime:0.0599s ]
SQL: SELECT `vsn` FROM `verified` WHERE ( vsn='2018210445' ) LIMIT 1   [ RunTime:0.0003s ]
SQL: SELECT `vname` FROM `verified` WHERE ( vsn='2018210445' ) LIMIT 1   [ RunTime:0.0002s ]

[ 2020-05-01T21:34:36+08:00 ] ::1 /together/index.php/Home/Idveri/Idveri
INFO: [ app_init ] --START--
INFO: Run Behavior\BuildLiteBehavior [ RunTime:0.000014s ]
INFO: [ app_init ] --END-- [ RunTime:0.001263s ]
INFO: [ app_begin ] --START--
INFO: Run Behavior\ReadHtmlCacheBehavior [ RunTime:0.001629s ]
INFO: [ app_begin ] --END-- [ RunTime:0.001672s ]
SQL: SHOW COLUMNS FROM `verified` [ RunTime:0.0124s ]
SQL: SELECT `vsn` FROM `verified` WHERE ( vsn='2018210445' ) LIMIT 1   [ RunTime:0.0003s ]
SQL: SELECT vname='孙喵喵' FROM `verified` WHERE ( vsn='2018210445' ) LIMIT 1   [ RunTime:0.0002s ]

[ 2020-05-01T21:35:20+08:00 ] ::1 /together/index.php/Home/Idveri/Idveri
INFO: [ app_init ] --START--
INFO: Run Behavior\BuildLiteBehavior [ RunTime:0.000009s ]
INFO: [ app_init ] --END-- [ RunTime:0.001099s ]
INFO: [ app_begin ] --START--
INFO: Run Behavior\ReadHtmlCacheBehavior [ RunTime:0.001757s ]
INFO: [ app_begin ] --END-- [ RunTime:0.001820s ]
SQL: SHOW COLUMNS FROM `verified` [ RunTime:0.0121s ]
SQL: SELECT `vsn` FROM `verified` WHERE ( vsn='2018210445' ) LIMIT 1   [ RunTime:0.0003s ]
SQL: SELECT vname='王琦琦' FROM `verified` WHERE ( vsn='2018210445' ) LIMIT 1   [ RunTime:0.0001s ]

[ 2020-05-01T21:35:54+08:00 ] ::1 /together/index.php/Home/Idveri/Idveri
INFO: [ app_init ] --START--
INFO: Run Behavior\BuildLiteBehavior [ RunTime:0.000006s ]
INFO: [ app_init ] --END-- [ RunTime:0.000612s ]
INFO: [ app_begin ] --START--
INFO: Run Behavior\ReadHtmlCacheBehavior [ RunTime:0.000707s ]
INFO: [ app_begin ] --END-- [ RunTime:0.000729s ]
SQL: SHOW COLUMNS FROM `verified` [ RunTime:0.0633s ]
SQL: SELECT `vsn` FROM `verified` WHERE ( vsn='2018210445' ) LIMIT 1   [ RunTime:0.0004s ]
SQL: SELECT vname='王琦琦' FROM `verified` WHERE ( vsn='2018210445' ) LIMIT 1   [ RunTime:0.0003s ]

[ 2020-05-01T21:36:16+08:00 ] ::1 /together/index.php/Home/Idveri/Idveri
INFO: [ app_init ] --START--
INFO: Run Behavior\BuildLiteBehavior [ RunTime:0.000006s ]
INFO: [ app_init ] --END-- [ RunTime:0.000555s ]
INFO: [ app_begin ] --START--
INFO: Run Behavior\ReadHtmlCacheBehavior [ RunTime:0.000702s ]
INFO: [ app_begin ] --END-- [ RunTime:0.000726s ]
SQL: SHOW COLUMNS FROM `verified` [ RunTime:0.0119s ]
SQL: SELECT `vsn` FROM `verified` WHERE ( vsn='2018210445' ) LIMIT 1   [ RunTime:0.0002s ]
SQL: SELECT vname='王琦琦' FROM `verified` WHERE ( vsn='2018210445' ) LIMIT 1   [ RunTime:0.0002s ]

[ 2020-05-01T21:36:28+08:00 ] ::1 /together/index.php/Home/Idveri/Idveri
INFO: [ app_init ] --START--
INFO: Run Behavior\BuildLiteBehavior [ RunTime:0.000010s ]
INFO: [ app_init ] --END-- [ RunTime:0.001137s ]
INFO: [ app_begin ] --START--
INFO: Run Behavior\ReadHtmlCacheBehavior [ RunTime:0.001168s ]
INFO: [ app_begin ] --END-- [ RunTime:0.001215s ]
SQL: SHOW COLUMNS FROM `verified` [ RunTime:0.0105s ]
SQL: SELECT `vsn` FROM `verified` WHERE ( vsn='2018210445' ) LIMIT 1   [ RunTime:0.0003s ]
SQL: SELECT vname='王琦琦' FROM `verified` WHERE ( vsn='2018210445' ) LIMIT 1   [ RunTime:0.0002s ]

[ 2020-05-01T21:36:59+08:00 ] ::1 /together/index.php/Home/Idveri/Idveri
INFO: [ app_init ] --START--
INFO: Run Behavior\BuildLiteBehavior [ RunTime:0.000013s ]
INFO: [ app_init ] --END-- [ RunTime:0.001231s ]
INFO: [ app_begin ] --START--
INFO: Run Behavior\ReadHtmlCacheBehavior [ RunTime:0.001371s ]
INFO: [ app_begin ] --END-- [ RunTime:0.001405s ]
SQL: SHOW COLUMNS FROM `verified` [ RunTime:0.0078s ]
SQL: SELECT `vsn` FROM `verified` WHERE ( vsn='2018210445' ) LIMIT 1   [ RunTime:0.0004s ]
SQL: SELECT vname='王琦琦' FROM `verified` WHERE ( vsn='2018210445' ) LIMIT 1   [ RunTime:0.0004s ]

[ 2020-05-01T21:37:11+08:00 ] ::1 /together/index.php/Home/Idveri/Idveri
INFO: [ app_init ] --START--
INFO: Run Behavior\BuildLiteBehavior [ RunTime:0.000005s ]
INFO: [ app_init ] --END-- [ RunTime:0.000636s ]
INFO: [ app_begin ] --START--
INFO: Run Behavior\ReadHtmlCacheBehavior [ RunTime:0.000729s ]
INFO: [ app_begin ] --END-- [ RunTime:0.000751s ]
SQL: SHOW COLUMNS FROM `verified` [ RunTime:0.0766s ]
SQL: SELECT `vsn` FROM `verified` WHERE ( vsn='2018210445' ) LIMIT 1   [ RunTime:0.0003s ]
SQL: SELECT vname='孙喵喵' FROM `verified` WHERE ( vsn='2018210445' ) LIMIT 1   [ RunTime:0.0002s ]

[ 2020-05-01T21:53:14+08:00 ] ::1 /together/index.php/Home/Idveri/Idveri
INFO: [ app_init ] --START--
INFO: Run Behavior\BuildLiteBehavior [ RunTime:0.000006s ]
INFO: [ app_init ] --END-- [ RunTime:0.000969s ]
INFO: [ app_begin ] --START--
INFO: Run Behavior\ReadHtmlCacheBehavior [ RunTime:0.002028s ]
INFO: [ app_begin ] --END-- [ RunTime:0.002074s ]
SQL: SHOW COLUMNS FROM `verified` [ RunTime:0.0982s ]
SQL: SELECT `vsn` FROM `verified` WHERE ( vsn='2018210445' ) LIMIT 1   [ RunTime:0.0199s ]
SQL: SELECT `vname` FROM `verified` WHERE ( vsn='2018210445' ) LIMIT 1   [ RunTime:0.0003s ]

[ 2020-05-01T21:53:25+08:00 ] ::1 /together/index.php/Home/Idveri/Idveri
INFO: [ app_init ] --START--
INFO: Run Behavior\BuildLiteBehavior [ RunTime:0.000009s ]
INFO: [ app_init ] --END-- [ RunTime:0.001419s ]
INFO: [ app_begin ] --START--
INFO: Run Behavior\ReadHtmlCacheBehavior [ RunTime:0.001599s ]
INFO: [ app_begin ] --END-- [ RunTime:0.001673s ]
SQL: SHOW COLUMNS FROM `verified` [ RunTime:0.4383s ]
SQL: SELECT `vsn` FROM `verified` WHERE ( vsn='2018210445' ) LIMIT 1   [ RunTime:0.0002s ]
SQL: SELECT `vname` FROM `verified` WHERE ( vsn='2018210445' ) LIMIT 1   [ RunTime:0.0002s ]

[ 2020-05-01T21:54:11+08:00 ] ::1 /together/index.php/Home/Idveri/Idveri
INFO: [ app_init ] --START--
INFO: Run Behavior\BuildLiteBehavior [ RunTime:0.000009s ]
INFO: [ app_init ] --END-- [ RunTime:0.000969s ]
INFO: [ app_begin ] --START--
INFO: Run Behavior\ReadHtmlCacheBehavior [ RunTime:0.001111s ]
INFO: [ app_begin ] --END-- [ RunTime:0.001144s ]
SQL: SHOW COLUMNS FROM `verified` [ RunTime:0.0916s ]
SQL: SELECT `vsn` FROM `verified` WHERE ( vsn='2018210445' ) LIMIT 1   [ RunTime:0.0003s ]
SQL: SELECT `vname` FROM `verified` WHERE ( vsn='2018210445' ) LIMIT 1   [ RunTime:0.0002s ]

[ 2020-05-01T21:54:24+08:00 ] ::1 /together/index.php/Home/Idveri/Idveri
INFO: [ app_init ] --START--
INFO: Run Behavior\BuildLiteBehavior [ RunTime:0.000011s ]
INFO: [ app_init ] --END-- [ RunTime:0.000731s ]
INFO: [ app_begin ] --START--
INFO: Run Behavior\ReadHtmlCacheBehavior [ RunTime:0.000910s ]
INFO: [ app_begin ] --END-- [ RunTime:0.000943s ]
SQL: SHOW COLUMNS FROM `verified` [ RunTime:0.0710s ]
SQL: SELECT `vsn` FROM `verified` WHERE ( vsn='2018210445' ) LIMIT 1   [ RunTime:0.0003s ]
SQL: SELECT `vname` FROM `verified` WHERE ( vsn='2018210445' ) LIMIT 1   [ RunTime:0.0002s ]

[ 2020-05-01T21:54:41+08:00 ] ::1 /together/index.php/Home/Idveri/Idveri
INFO: [ app_init ] --START--
INFO: Run Behavior\BuildLiteBehavior [ RunTime:0.000007s ]
INFO: [ app_init ] --END-- [ RunTime:0.001325s ]
INFO: [ app_begin ] --START--
INFO: Run Behavior\ReadHtmlCacheBehavior [ RunTime:0.000826s ]
INFO: [ app_begin ] --END-- [ RunTime:0.000860s ]
SQL: SHOW COLUMNS FROM `verified` [ RunTime:0.0639s ]
SQL: SELECT `vsn` FROM `verified` WHERE ( vsn='2018210445' ) LIMIT 1   [ RunTime:0.0003s ]
SQL: SELECT `vname` FROM `verified` WHERE ( vsn='2018210445' ) LIMIT 1   [ RunTime:0.0003s ]

[ 2020-05-01T21:55:19+08:00 ] ::1 /together/index.php/Home/Idveri/Idveri
INFO: [ app_init ] --START--
INFO: Run Behavior\BuildLiteBehavior [ RunTime:0.000035s ]
INFO: [ app_init ] --END-- [ RunTime:0.001494s ]
INFO: [ app_begin ] --START--
INFO: Run Behavior\ReadHtmlCacheBehavior [ RunTime:0.001107s ]
INFO: [ app_begin ] --END-- [ RunTime:0.001152s ]
SQL: SHOW COLUMNS FROM `verified` [ RunTime:0.0115s ]
SQL: SELECT `vsn` FROM `verified` WHERE ( vsn='2018210' ) LIMIT 1   [ RunTime:0.0003s ]
SQL: SELECT `vname` FROM `verified` WHERE ( vsn='2018210' ) LIMIT 1   [ RunTime:0.0002s ]

[ 2020-05-01T21:56:11+08:00 ] ::1 /together/index.php/Home/Idveri/Idveri
INFO: [ app_init ] --START--
INFO: Run Behavior\BuildLiteBehavior [ RunTime:0.000013s ]
INFO: [ app_init ] --END-- [ RunTime:0.001074s ]
INFO: [ app_begin ] --START--
INFO: Run Behavior\ReadHtmlCacheBehavior [ RunTime:0.001336s ]
INFO: [ app_begin ] --END-- [ RunTime:0.001392s ]
SQL: SHOW COLUMNS FROM `verified` [ RunTime:0.0519s ]
SQL: SELECT `vsn` FROM `verified` WHERE ( vsn='2018210445' ) LIMIT 1   [ RunTime:0.0002s ]
SQL: SELECT `vname` FROM `verified` WHERE ( vsn='2018210445' ) LIMIT 1   [ RunTime:0.0002s ]

[ 2020-05-01T21:57:32+08:00 ] ::1 /together/index.php/Home/Idveri/Idveri
INFO: [ app_init ] --START--
INFO: Run Behavior\BuildLiteBehavior [ RunTime:0.000008s ]
INFO: [ app_init ] --END-- [ RunTime:0.001117s ]
INFO: [ app_begin ] --START--
INFO: Run Behavior\ReadHtmlCacheBehavior [ RunTime:0.001168s ]
INFO: [ app_begin ] --END-- [ RunTime:0.001198s ]
SQL: SHOW COLUMNS FROM `verified` [ RunTime:0.4471s ]
SQL: SELECT `vsn` FROM `verified` WHERE ( vsn='2018210445' ) LIMIT 1   [ RunTime:0.0004s ]
SQL: SELECT `vname` FROM `verified` WHERE ( vsn='2018210445' ) LIMIT 1   [ RunTime:0.0002s ]

[ 2020-05-01T21:58:24+08:00 ] ::1 /together/index.php/Home/Idveri/Idveri
INFO: [ app_init ] --START--
INFO: Run Behavior\BuildLiteBehavior [ RunTime:0.000010s ]
INFO: [ app_init ] --END-- [ RunTime:0.000996s ]
INFO: [ app_begin ] --START--
INFO: Run Behavior\ReadHtmlCacheBehavior [ RunTime:0.001317s ]
INFO: [ app_begin ] --END-- [ RunTime:0.001367s ]
SQL: SHOW COLUMNS FROM `verified` [ RunTime:0.0222s ]
SQL: SELECT `vsn` FROM `verified` WHERE ( vsn='2018210445' ) LIMIT 1   [ RunTime:0.0004s ]
SQL: SELECT `vname` FROM `verified` WHERE ( vsn='2018210445' ) LIMIT 1   [ RunTime:0.0003s ]

[ 2020-05-01T22:03:01+08:00 ] ::1 /together/index.php/Home/Idveri/Idveri
INFO: [ app_init ] --START--
INFO: Run Behavior\BuildLiteBehavior [ RunTime:0.000008s ]
INFO: [ app_init ] --END-- [ RunTime:0.000880s ]
INFO: [ app_begin ] --START--
INFO: Run Behavior\ReadHtmlCacheBehavior [ RunTime:0.001722s ]
INFO: [ app_begin ] --END-- [ RunTime:0.001778s ]
SQL: SHOW COLUMNS FROM `verified` [ RunTime:0.0134s ]
SQL: SELECT `vsn` FROM `verified` WHERE ( vsn='2018210445' ) LIMIT 1   [ RunTime:0.0003s ]
SQL: SELECT `vname` FROM `verified` WHERE ( vsn='2018210445' ) LIMIT 1   [ RunTime:0.0002s ]

[ 2020-05-01T22:03:23+08:00 ] ::1 /together/index.php/Home/Idveri/Idveri
INFO: [ app_init ] --START--
INFO: Run Behavior\BuildLiteBehavior [ RunTime:0.000006s ]
INFO: [ app_init ] --END-- [ RunTime:0.000813s ]
INFO: [ app_begin ] --START--
INFO: Run Behavior\ReadHtmlCacheBehavior [ RunTime:0.001761s ]
INFO: [ app_begin ] --END-- [ RunTime:0.001822s ]
SQL: SHOW COLUMNS FROM `verified` [ RunTime:0.0092s ]
SQL: SELECT `vsn` FROM `verified` WHERE ( vsn='2018210445' ) LIMIT 1   [ RunTime:0.0002s ]
SQL: SELECT `vname` FROM `verified` WHERE ( vsn='2018210445' ) LIMIT 1   [ RunTime:0.0002s ]

[ 2020-05-01T22:03:24+08:00 ] ::1 /together/index.php/Home/Idveri/Idveri
INFO: [ app_init ] --START--
INFO: Run Behavior\BuildLiteBehavior [ RunTime:0.000010s ]
INFO: [ app_init ] --END-- [ RunTime:0.000716s ]
INFO: [ app_begin ] --START--
INFO: Run Behavior\ReadHtmlCacheBehavior [ RunTime:0.000850s ]
INFO: [ app_begin ] --END-- [ RunTime:0.000881s ]
SQL: SHOW COLUMNS FROM `verified` [ RunTime:0.0079s ]
SQL: SELECT `vsn` FROM `verified` WHERE ( vsn='2018210445' ) LIMIT 1   [ RunTime:0.0003s ]
SQL: SELECT `vname` FROM `verified` WHERE ( vsn='2018210445' ) LIMIT 1   [ RunTime:0.0002s ]

[ 2020-05-01T22:03:43+08:00 ] ::1 /together/index.php/Home/Idveri/Idveri
INFO: [ app_init ] --START--
INFO: Run Behavior\BuildLiteBehavior [ RunTime:0.000008s ]
INFO: [ app_init ] --END-- [ RunTime:0.000909s ]
INFO: [ app_begin ] --START--
INFO: Run Behavior\ReadHtmlCacheBehavior [ RunTime:0.000915s ]
INFO: [ app_begin ] --END-- [ RunTime:0.000949s ]
SQL: SHOW COLUMNS FROM `verified` [ RunTime:0.0676s ]
SQL: SELECT `vsn` FROM `verified` WHERE ( vsn='2018210445' ) LIMIT 1   [ RunTime:0.0003s ]
SQL: SELECT `vname` FROM `verified` WHERE ( vsn='2018210445' ) LIMIT 1   [ RunTime:0.0003s ]

[ 2020-05-01T22:04:21+08:00 ] ::1 /together/index.php/Home/Idveri/Idveri
INFO: [ app_init ] --START--
INFO: Run Behavior\BuildLiteBehavior [ RunTime:0.000008s ]
INFO: [ app_init ] --END-- [ RunTime:0.000767s ]
INFO: [ app_begin ] --START--
INFO: Run Behavior\ReadHtmlCacheBehavior [ RunTime:0.001073s ]
INFO: [ app_begin ] --END-- [ RunTime:0.001109s ]
SQL: SHOW COLUMNS FROM `verified` [ RunTime:0.0128s ]
SQL: SELECT `vsn` FROM `verified` WHERE ( vsn='2018210445' ) LIMIT 1   [ RunTime:0.0004s ]
SQL: SELECT `vname` FROM `verified` WHERE ( vsn='2018210445' ) LIMIT 1   [ RunTime:0.0003s ]

[ 2020-05-01T22:06:56+08:00 ] ::1 /together/index.php/Home/Idveri/Idveri
INFO: [ app_init ] --START--
INFO: Run Behavior\BuildLiteBehavior [ RunTime:0.000012s ]
INFO: [ app_init ] --END-- [ RunTime:0.001210s ]
INFO: [ app_begin ] --START--
INFO: Run Behavior\ReadHtmlCacheBehavior [ RunTime:0.001598s ]
INFO: [ app_begin ] --END-- [ RunTime:0.001680s ]
NOTIC: [8] Array to string conversion D:\xampp\htdocs\together\Application\Home\Controller\IdveriController.class.php 第 33 行.
SQL: SHOW COLUMNS FROM `verified` [ RunTime:0.0139s ]
SQL: SELECT `vsn` FROM `verified` WHERE ( vsn='2018210445' ) LIMIT 1   [ RunTime:0.0004s ]
SQL: SELECT `vname` FROM `verified` WHERE ( vsn='2018210445' ) LIMIT 1   [ RunTime:0.0003s ]
NOTIC: [8] Array to string conversion D:\xampp\htdocs\together\Application\Home\Controller\IdveriController.class.php 第 33 行.
NOTIC: [2] array_search() expects parameter 2 to be array, string given D:\xampp\htdocs\together\Application\Home\Controller\IdveriController.class.php 第 33 行.

[ 2020-05-01T22:07:32+08:00 ] ::1 /together/index.php/Home/Idveri/Idveri
INFO: [ app_init ] --START--
INFO: Run Behavior\BuildLiteBehavior [ RunTime:0.000008s ]
INFO: [ app_init ] --END-- [ RunTime:0.002307s ]
INFO: [ app_begin ] --START--
INFO: Run Behavior\ReadHtmlCacheBehavior [ RunTime:0.000947s ]
INFO: [ app_begin ] --END-- [ RunTime:0.000973s ]
NOTIC: [8] Array to string conversion D:\xampp\htdocs\together\Application\Home\Controller\IdveriController.class.php 第 33 行.
NOTIC: [8] Array to string conversion D:\xampp\htdocs\together\Application\Home\Controller\IdveriController.class.php 第 34 行.
SQL: SHOW COLUMNS FROM `verified` [ RunTime:0.0100s ]
SQL: SELECT `vsn` FROM `verified` WHERE ( vsn='2018210445' ) LIMIT 1   [ RunTime:0.0004s ]
SQL: SELECT `vname` FROM `verified` WHERE ( vsn='2018210445' ) LIMIT 1   [ RunTime:0.0002s ]
NOTIC: [8] Array to string conversion D:\xampp\htdocs\together\Application\Home\Controller\IdveriController.class.php 第 33 行.
NOTIC: [2] array_search() expects parameter 2 to be array, string given D:\xampp\htdocs\together\Application\Home\Controller\IdveriController.class.php 第 33 行.
NOTIC: [8] Array to string conversion D:\xampp\htdocs\together\Application\Home\Controller\IdveriController.class.php 第 34 行.

[ 2020-05-01T22:07:59+08:00 ] ::1 /together/index.php/Home/Idveri/Idveri
INFO: [ app_init ] --START--
INFO: Run Behavior\BuildLiteBehavior [ RunTime:0.000009s ]
INFO: [ app_init ] --END-- [ RunTime:0.000754s ]
INFO: [ app_begin ] --START--
INFO: Run Behavior\ReadHtmlCacheBehavior [ RunTime:0.001058s ]
INFO: [ app_begin ] --END-- [ RunTime:0.001146s ]
SQL: SHOW COLUMNS FROM `verified` [ RunTime:0.0582s ]
SQL: SELECT `vsn` FROM `verified` WHERE ( vsn='2018210445' ) LIMIT 1   [ RunTime:0.0003s ]
SQL: SELECT `vname` FROM `verified` WHERE ( vsn='2018210445' ) LIMIT 1   [ RunTime:0.0002s ]
NOTIC: [2] array_search() expects parameter 2 to be array, string given D:\xampp\htdocs\together\Application\Home\Controller\IdveriController.class.php 第 33 行.

[ 2020-05-01T22:08:21+08:00 ] ::1 /together/index.php/Home/Idveri/Idveri
INFO: [ app_init ] --START--
INFO: Run Behavior\BuildLiteBehavior [ RunTime:0.000007s ]
INFO: [ app_init ] --END-- [ RunTime:0.000811s ]
INFO: [ app_begin ] --START--
INFO: Run Behavior\ReadHtmlCacheBehavior [ RunTime:0.001028s ]
INFO: [ app_begin ] --END-- [ RunTime:0.001059s ]
SQL: SHOW COLUMNS FROM `verified` [ RunTime:0.0123s ]
SQL: SELECT `vsn` FROM `verified` WHERE ( vsn='2018210445' ) LIMIT 1   [ RunTime:0.0002s ]
SQL: SELECT `vname` FROM `verified` WHERE ( vsn='2018210445' ) LIMIT 1   [ RunTime:0.0001s ]
NOTIC: [2] array_search() expects parameter 2 to be array, string given D:\xampp\htdocs\together\Application\Home\Controller\IdveriController.class.php 第 33 行.

[ 2020-05-01T22:12:34+08:00 ] ::1 /together/index.php/Home/Idveri/Idveri
INFO: [ app_init ] --START--
INFO: Run Behavior\BuildLiteBehavior [ RunTime:0.000006s ]
INFO: [ app_init ] --END-- [ RunTime:0.000704s ]
INFO: [ app_begin ] --START--
INFO: Run Behavior\ReadHtmlCacheBehavior [ RunTime:0.001027s ]
INFO: [ app_begin ] --END-- [ RunTime:0.001056s ]
SQL: SHOW COLUMNS FROM `verified` [ RunTime:0.0915s ]
SQL: SELECT `vname`,`vsex`,`vwxid`,`vnum`,`vbool` FROM `verified` WHERE ( vsn='2018210445' ) LIMIT 1   [ RunTime:0.0005s ]
NOTIC: [8] Array to string conversion D:\xampp\htdocs\together\Application\Home\Controller\IdveriController.class.php 第 31 行.
INFO: [ app_end ] --START--
INFO: Run Behavior\ShowPageTraceBehavior [ RunTime:0.033119s ]
INFO: [ app_end ] --END-- [ RunTime:0.033166s ]

[ 2020-05-01T22:13:46+08:00 ] ::1 /together/index.php/Home/Idveri/Idveri
INFO: [ app_init ] --START--
INFO: Run Behavior\BuildLiteBehavior [ RunTime:0.000010s ]
INFO: [ app_init ] --END-- [ RunTime:0.001322s ]
INFO: [ app_begin ] --START--
INFO: Run Behavior\ReadHtmlCacheBehavior [ RunTime:0.001484s ]
INFO: [ app_begin ] --END-- [ RunTime:0.001521s ]
SQL: SHOW COLUMNS FROM `verified` [ RunTime:0.0074s ]
SQL: SELECT `vname`,`vsex`,`vwxid`,`vnum`,`vbool` FROM `verified` WHERE ( vsn='2018210445' ) LIMIT 1   [ RunTime:0.0002s ]
INFO: [ app_end ] --START--
INFO: Run Behavior\ShowPageTraceBehavior [ RunTime:0.001159s ]
INFO: [ app_end ] --END-- [ RunTime:0.001184s ]

[ 2020-05-01T22:14:33+08:00 ] ::1 /together/index.php/Home/Idveri/Idveri
INFO: [ app_init ] --START--
INFO: Run Behavior\BuildLiteBehavior [ RunTime:0.000012s ]
INFO: [ app_init ] --END-- [ RunTime:0.001217s ]
INFO: [ app_begin ] --START--
INFO: Run Behavior\ReadHtmlCacheBehavior [ RunTime:0.001068s ]
INFO: [ app_begin ] --END-- [ RunTime:0.001125s ]
SQL: SHOW COLUMNS FROM `verified` [ RunTime:0.0226s ]
SQL: SELECT `vname`,`vsex`,`vwxid`,`vnum`,`vbool` FROM `verified` WHERE ( vsn='2018210445' ) LIMIT 1   [ RunTime:0.0002s ]
INFO: [ app_end ] --START--
INFO: Run Behavior\ShowPageTraceBehavior [ RunTime:0.000853s ]
INFO: [ app_end ] --END-- [ RunTime:0.000874s ]

[ 2020-05-01T22:14:56+08:00 ] ::1 /together/index.php/Home/Idveri/Idveri
INFO: [ app_init ] --START--
INFO: Run Behavior\BuildLiteBehavior [ RunTime:0.000012s ]
INFO: [ app_init ] --END-- [ RunTime:0.001420s ]
INFO: [ app_begin ] --START--
INFO: Run Behavior\ReadHtmlCacheBehavior [ RunTime:0.001889s ]
INFO: [ app_begin ] --END-- [ RunTime:0.001960s ]
SQL: SHOW COLUMNS FROM `verified` [ RunTime:0.0088s ]
SQL: SELECT `vsn` FROM `verified` WHERE ( vsn='2018210445' ) LIMIT 1   [ RunTime:0.0003s ]
INFO: [ app_end ] --START--
INFO: Run Behavior\ShowPageTraceBehavior [ RunTime:0.003221s ]
INFO: [ app_end ] --END-- [ RunTime:0.003304s ]

[ 2020-05-01T22:15:32+08:00 ] ::1 /together/index.php/Home/Idveri/Idveri
INFO: [ app_init ] --START--
INFO: Run Behavior\BuildLiteBehavior [ RunTime:0.000043s ]
INFO: [ app_init ] --END-- [ RunTime:0.001926s ]
INFO: [ app_begin ] --START--
INFO: Run Behavior\ReadHtmlCacheBehavior [ RunTime:0.001185s ]
INFO: [ app_begin ] --END-- [ RunTime:0.001246s ]
SQL: SHOW COLUMNS FROM `verified` [ RunTime:0.0096s ]
SQL: SELECT `vname`,`vsex`,`vwxid`,`vnum`,`vbool` FROM `verified` WHERE ( vsn='2018210445' ) LIMIT 1   [ RunTime:0.0007s ]
INFO: [ app_end ] --START--
INFO: Run Behavior\ShowPageTraceBehavior [ RunTime:0.002907s ]
INFO: [ app_end ] --END-- [ RunTime:0.002999s ]

[ 2020-05-01T22:16:54+08:00 ] ::1 /together/index.php/Home/Idveri/Idveri
INFO: [ app_init ] --START--
INFO: Run Behavior\BuildLiteBehavior [ RunTime:0.000017s ]
INFO: [ app_init ] --END-- [ RunTime:0.001230s ]
INFO: [ app_begin ] --START--
INFO: Run Behavior\ReadHtmlCacheBehavior [ RunTime:0.001604s ]
INFO: [ app_begin ] --END-- [ RunTime:0.001693s ]
SQL: SHOW COLUMNS FROM `verified` [ RunTime:0.0950s ]
SQL: SELECT `vsn`,`vname` FROM `verified` WHERE ( vsn='2018210445' ) LIMIT 1   [ RunTime:0.0003s ]
INFO: [ app_end ] --START--
INFO: Run Behavior\ShowPageTraceBehavior [ RunTime:0.001216s ]
INFO: [ app_end ] --END-- [ RunTime:0.001239s ]

[ 2020-05-01T22:17:16+08:00 ] ::1 /together/index.php/Home/Idveri/Idveri
INFO: [ app_init ] --START--
INFO: Run Behavior\BuildLiteBehavior [ RunTime:0.000007s ]
INFO: [ app_init ] --END-- [ RunTime:0.000902s ]
INFO: [ app_begin ] --START--
INFO: Run Behavior\ReadHtmlCacheBehavior [ RunTime:0.000941s ]
INFO: [ app_begin ] --END-- [ RunTime:0.000981s ]
SQL: SHOW COLUMNS FROM `verified` [ RunTime:0.0206s ]
SQL: SELECT `vsn`,`vname` FROM `verified` WHERE ( vsn='2018210445' ) LIMIT 1   [ RunTime:0.0003s ]
INFO: [ app_end ] --START--
INFO: Run Behavior\ShowPageTraceBehavior [ RunTime:0.001477s ]
INFO: [ app_end ] --END-- [ RunTime:0.001504s ]

[ 2020-05-01T22:17:37+08:00 ] ::1 /together/index.php/Home/Idveri/Idveri
INFO: [ app_init ] --START--
INFO: Run Behavior\BuildLiteBehavior [ RunTime:0.000010s ]
INFO: [ app_init ] --END-- [ RunTime:0.000978s ]
INFO: [ app_begin ] --START--
INFO: Run Behavior\ReadHtmlCacheBehavior [ RunTime:0.000985s ]
INFO: [ app_begin ] --END-- [ RunTime:0.001033s ]
SQL: SHOW COLUMNS FROM `verified` [ RunTime:0.0100s ]
SQL: SELECT `vsn`,`vname` FROM `verified` WHERE ( vsn='2018210445' ) LIMIT 1   [ RunTime:0.0002s ]
INFO: [ app_end ] --START--
INFO: Run Behavior\ShowPageTraceBehavior [ RunTime:0.000800s ]
INFO: [ app_end ] --END-- [ RunTime:0.000892s ]

[ 2020-05-01T22:18:50+08:00 ] ::1 /together/index.php/Home/Idveri/Idveri
INFO: [ app_init ] --START--
INFO: Run Behavior\BuildLiteBehavior [ RunTime:0.000013s ]
INFO: [ app_init ] --END-- [ RunTime:0.001125s ]
INFO: [ app_begin ] --START--
INFO: Run Behavior\ReadHtmlCacheBehavior [ RunTime:0.001422s ]
INFO: [ app_begin ] --END-- [ RunTime:0.001501s ]
SQL: SHOW COLUMNS FROM `verified` [ RunTime:0.0113s ]
SQL: SELECT `vsn`,`vname` FROM `verified` WHERE ( vsn='2018210445' ) LIMIT 1   [ RunTime:0.0004s ]

[ 2020-05-01T22:21:11+08:00 ] ::1 /together/index.php/Home/Idveri/Idveri
INFO: [ app_init ] --START--
INFO: Run Behavior\BuildLiteBehavior [ RunTime:0.000011s ]
INFO: [ app_init ] --END-- [ RunTime:0.001076s ]
INFO: [ app_begin ] --START--
INFO: Run Behavior\ReadHtmlCacheBehavior [ RunTime:0.001652s ]
INFO: [ app_begin ] --END-- [ RunTime:0.001718s ]
SQL: SHOW COLUMNS FROM `verified` [ RunTime:0.0763s ]
SQL: SELECT `vsn`,`vname` FROM `verified` WHERE ( vsn='2018210445' ) LIMIT 1   [ RunTime:0.0005s ]

[ 2020-05-01T22:21:55+08:00 ] ::1 /together/index.php/Home/Idveri/Idveri
INFO: [ app_init ] --START--
INFO: Run Behavior\BuildLiteBehavior [ RunTime:0.000006s ]
INFO: [ app_init ] --END-- [ RunTime:0.000809s ]
INFO: [ app_begin ] --START--
INFO: Run Behavior\ReadHtmlCacheBehavior [ RunTime:0.000946s ]
INFO: [ app_begin ] --END-- [ RunTime:0.000967s ]
SQL: SHOW COLUMNS FROM `verified` [ RunTime:0.1293s ]
SQL: SELECT `vsn`,`vname` FROM `verified` WHERE ( vsn='2018210445' ) LIMIT 1   [ RunTime:0.0004s ]

[ 2020-05-01T22:22:11+08:00 ] ::1 /together/index.php/Home/Idveri/Idveri
INFO: [ app_init ] --START--
INFO: Run Behavior\BuildLiteBehavior [ RunTime:0.000010s ]
INFO: [ app_init ] --END-- [ RunTime:0.000814s ]
INFO: [ app_begin ] --START--
INFO: Run Behavior\ReadHtmlCacheBehavior [ RunTime:0.000889s ]
INFO: [ app_begin ] --END-- [ RunTime:0.000923s ]
SQL: SHOW COLUMNS FROM `verified` [ RunTime:0.0794s ]
SQL: SELECT `vsn`,`vname` FROM `verified` WHERE ( vsn='2018210449' ) LIMIT 1   [ RunTime:0.0002s ]

[ 2020-05-01T22:22:21+08:00 ] ::1 /together/index.php/Home/Idveri/Idveri
INFO: [ app_init ] --START--
INFO: Run Behavior\BuildLiteBehavior [ RunTime:0.000006s ]
INFO: [ app_init ] --END-- [ RunTime:0.000638s ]
INFO: [ app_begin ] --START--
INFO: Run Behavior\ReadHtmlCacheBehavior [ RunTime:0.000922s ]
INFO: [ app_begin ] --END-- [ RunTime:0.000953s ]
SQL: SHOW COLUMNS FROM `verified` [ RunTime:0.0614s ]
SQL: SELECT `vsn`,`vname` FROM `verified` WHERE ( vsn='2018210444' ) LIMIT 1   [ RunTime:0.0004s ]

[ 2020-05-01T22:22:34+08:00 ] ::1 /together/index.php/Home/Idveri/Idveri
INFO: [ app_init ] --START--
INFO: Run Behavior\BuildLiteBehavior [ RunTime:0.000006s ]
INFO: [ app_init ] --END-- [ RunTime:0.000685s ]
INFO: [ app_begin ] --START--
INFO: Run Behavior\ReadHtmlCacheBehavior [ RunTime:0.000963s ]
INFO: [ app_begin ] --END-- [ RunTime:0.001000s ]
SQL: SHOW COLUMNS FROM `verified` [ RunTime:0.0560s ]
SQL: SELECT `vsn`,`vname` FROM `verified` WHERE ( vsn='2018210448' ) LIMIT 1   [ RunTime:0.0003s ]

[ 2020-05-01T22:22:51+08:00 ] ::1 /together/index.php/Home/Idveri/Idveri
INFO: [ app_init ] --START--
INFO: Run Behavior\BuildLiteBehavior [ RunTime:0.000007s ]
INFO: [ app_init ] --END-- [ RunTime:0.000658s ]
INFO: [ app_begin ] --START--
INFO: Run Behavior\ReadHtmlCacheBehavior [ RunTime:0.000670s ]
INFO: [ app_begin ] --END-- [ RunTime:0.000697s ]
SQL: SHOW COLUMNS FROM `verified` [ RunTime:0.0116s ]
SQL: SELECT `vsn`,`vname` FROM `verified` WHERE ( vsn='2018210448' ) LIMIT 1   [ RunTime:0.0003s ]

[ 2020-05-01T22:29:57+08:00 ] ::1 /together/index.php/Home/Idveri/Idveri
INFO: [ app_init ] --START--
INFO: Run Behavior\BuildLiteBehavior [ RunTime:0.000007s ]
INFO: [ app_init ] --END-- [ RunTime:0.000794s ]
INFO: [ app_begin ] --START--
INFO: Run Behavior\ReadHtmlCacheBehavior [ RunTime:0.000866s ]
INFO: [ app_begin ] --END-- [ RunTime:0.000887s ]
SQL: SHOW COLUMNS FROM `verified` [ RunTime:0.4650s ]
SQL: SELECT `vsn`,`vname` FROM `verified` WHERE ( vsn='2018210448' ) LIMIT 1   [ RunTime:0.0002s ]

[ 2020-05-01T22:30:08+08:00 ] ::1 /together/index.php/Home/Idveri/Idveri
INFO: [ app_init ] --START--
INFO: Run Behavior\BuildLiteBehavior [ RunTime:0.000006s ]
INFO: [ app_init ] --END-- [ RunTime:0.000713s ]
INFO: [ app_begin ] --START--
INFO: Run Behavior\ReadHtmlCacheBehavior [ RunTime:0.001189s ]
INFO: [ app_begin ] --END-- [ RunTime:0.001222s ]
SQL: SHOW COLUMNS FROM `verified` [ RunTime:0.0706s ]
SQL: SELECT `vsn`,`vname` FROM `verified` WHERE ( vsn='2018210445' ) LIMIT 1   [ RunTime:0.0004s ]

[ 2020-05-01T22:30:14+08:00 ] ::1 /together/index.php/Home/Idveri/Idveri
INFO: [ app_init ] --START--
INFO: Run Behavior\BuildLiteBehavior [ RunTime:0.000010s ]
INFO: [ app_init ] --END-- [ RunTime:0.001372s ]
INFO: [ app_begin ] --START--
INFO: Run Behavior\ReadHtmlCacheBehavior [ RunTime:0.001369s ]
INFO: [ app_begin ] --END-- [ RunTime:0.001501s ]

[ 2020-05-01T22:30:17+08:00 ] ::1 /together/index.php/Home/Idveri/Idveri
INFO: [ app_init ] --START--
INFO: Run Behavior\BuildLiteBehavior [ RunTime:0.000010s ]
INFO: [ app_init ] --END-- [ RunTime:0.000806s ]
INFO: [ app_begin ] --START--
INFO: Run Behavior\ReadHtmlCacheBehavior [ RunTime:0.000922s ]
INFO: [ app_begin ] --END-- [ RunTime:0.000959s ]
SQL: SHOW COLUMNS FROM `verified` [ RunTime:0.0119s ]
SQL: SELECT `vsn`,`vname` FROM `verified` WHERE ( vsn='1' ) LIMIT 1   [ RunTime:0.0005s ]

[ 2020-05-01T22:33:51+08:00 ] ::1 /together/index.php/Home/Idveri/Idveri
INFO: [ app_init ] --START--
INFO: Run Behavior\BuildLiteBehavior [ RunTime:0.000008s ]
INFO: [ app_init ] --END-- [ RunTime:0.001047s ]
INFO: [ app_begin ] --START--
INFO: Run Behavior\ReadHtmlCacheBehavior [ RunTime:0.002265s ]
INFO: [ app_begin ] --END-- [ RunTime:0.002345s ]
SQL: SHOW COLUMNS FROM `verified` [ RunTime:0.0472s ]
SQL: SELECT `vsn`,`vname` FROM `verified` WHERE ( vsn='1' ) LIMIT 1   [ RunTime:0.0003s ]

[ 2020-05-01T22:33:59+08:00 ] ::1 /together/index.php/Home/Idveri/Idveri
INFO: [ app_init ] --START--
INFO: Run Behavior\BuildLiteBehavior [ RunTime:0.000006s ]
INFO: [ app_init ] --END-- [ RunTime:0.000604s ]
INFO: [ app_begin ] --START--
INFO: Run Behavior\ReadHtmlCacheBehavior [ RunTime:0.001123s ]
INFO: [ app_begin ] --END-- [ RunTime:0.001185s ]
SQL: SHOW COLUMNS FROM `verified` [ RunTime:0.0155s ]
SQL: SELECT `vsn`,`vname` FROM `verified` WHERE ( vsn='2018210445' ) LIMIT 1   [ RunTime:0.0002s ]
NOTIC: [8] Undefined index: vame D:\xampp\htdocs\together\Application\Home\Controller\IdveriController.class.php 第 36 行.

[ 2020-05-01T22:34:00+08:00 ] ::1 /together/index.php/Home/Idveri/Idveri
INFO: [ app_init ] --START--
INFO: Run Behavior\BuildLiteBehavior [ RunTime:0.000008s ]
INFO: [ app_init ] --END-- [ RunTime:0.000991s ]
INFO: [ app_begin ] --START--
INFO: Run Behavior\ReadHtmlCacheBehavior [ RunTime:0.000861s ]
INFO: [ app_begin ] --END-- [ RunTime:0.000900s ]
SQL: SHOW COLUMNS FROM `verified` [ RunTime:0.0147s ]
SQL: SELECT `vsn`,`vname` FROM `verified` WHERE ( vsn='2018210445' ) LIMIT 1   [ RunTime:0.0003s ]
NOTIC: [8] Undefined index: vame D:\xampp\htdocs\together\Application\Home\Controller\IdveriController.class.php 第 36 行.

[ 2020-05-01T22:34:16+08:00 ] ::1 /together/index.php/Home/Idveri/Idveri
INFO: [ app_init ] --START--
INFO: Run Behavior\BuildLiteBehavior [ RunTime:0.000007s ]
INFO: [ app_init ] --END-- [ RunTime:0.001603s ]
INFO: [ app_begin ] --START--
INFO: Run Behavior\ReadHtmlCacheBehavior [ RunTime:0.000967s ]
INFO: [ app_begin ] --END-- [ RunTime:0.000992s ]
SQL: SHOW COLUMNS FROM `verified` [ RunTime:0.0423s ]
SQL: SELECT `vsn`,`vname` FROM `verified` WHERE ( vsn='2018210445' ) LIMIT 1   [ RunTime:0.0002s ]
NOTIC: [8] Undefined index: vame D:\xampp\htdocs\together\Application\Home\Controller\IdveriController.class.php 第 36 行.

[ 2020-05-01T22:34:17+08:00 ] ::1 /together/index.php/Home/Idveri/Idveri
INFO: [ app_init ] --START--
INFO: Run Behavior\BuildLiteBehavior [ RunTime:0.000021s ]
INFO: [ app_init ] --END-- [ RunTime:0.000634s ]
INFO: [ app_begin ] --START--
INFO: Run Behavior\ReadHtmlCacheBehavior [ RunTime:0.000984s ]
INFO: [ app_begin ] --END-- [ RunTime:0.001028s ]
SQL: SHOW COLUMNS FROM `verified` [ RunTime:0.0902s ]
SQL: SELECT `vsn`,`vname` FROM `verified` WHERE ( vsn='2018210445' ) LIMIT 1   [ RunTime:0.0003s ]
NOTIC: [8] Undefined index: vame D:\xampp\htdocs\together\Application\Home\Controller\IdveriController.class.php 第 36 行.

[ 2020-05-01T22:34:18+08:00 ] ::1 /together/index.php/Home/Idveri/Idveri
INFO: [ app_init ] --START--
INFO: Run Behavior\BuildLiteBehavior [ RunTime:0.000010s ]
INFO: [ app_init ] --END-- [ RunTime:0.000779s ]
INFO: [ app_begin ] --START--
INFO: Run Behavior\ReadHtmlCacheBehavior [ RunTime:0.001285s ]
INFO: [ app_begin ] --END-- [ RunTime:0.001338s ]
SQL: SHOW COLUMNS FROM `verified` [ RunTime:0.0136s ]
SQL: SELECT `vsn`,`vname` FROM `verified` WHERE ( vsn='2018210445' ) LIMIT 1   [ RunTime:0.0004s ]
NOTIC: [8] Undefined index: vame D:\xampp\htdocs\together\Application\Home\Controller\IdveriController.class.php 第 36 行.

[ 2020-05-01T22:34:19+08:00 ] ::1 /together/index.php/Home/Idveri/Idveri
INFO: [ app_init ] --START--
INFO: Run Behavior\BuildLiteBehavior [ RunTime:0.000006s ]
INFO: [ app_init ] --END-- [ RunTime:0.000588s ]
INFO: [ app_begin ] --START--
INFO: Run Behavior\ReadHtmlCacheBehavior [ RunTime:0.000708s ]
INFO: [ app_begin ] --END-- [ RunTime:0.000728s ]
SQL: SHOW COLUMNS FROM `verified` [ RunTime:0.0457s ]
SQL: SELECT `vsn`,`vname` FROM `verified` WHERE ( vsn='2018210445' ) LIMIT 1   [ RunTime:0.0003s ]
NOTIC: [8] Undefined index: vame D:\xampp\htdocs\together\Application\Home\Controller\IdveriController.class.php 第 36 行.

[ 2020-05-01T22:34:19+08:00 ] ::1 /together/index.php/Home/Idveri/Idveri
INFO: [ app_init ] --START--
INFO: Run Behavior\BuildLiteBehavior [ RunTime:0.000006s ]
INFO: [ app_init ] --END-- [ RunTime:0.001442s ]
INFO: [ app_begin ] --START--
INFO: Run Behavior\ReadHtmlCacheBehavior [ RunTime:0.000672s ]
INFO: [ app_begin ] --END-- [ RunTime:0.000696s ]
SQL: SHOW COLUMNS FROM `verified` [ RunTime:0.0182s ]
SQL: SELECT `vsn`,`vname` FROM `verified` WHERE ( vsn='2018210445' ) LIMIT 1   [ RunTime:0.0003s ]
NOTIC: [8] Undefined index: vame D:\xampp\htdocs\together\Application\Home\Controller\IdveriController.class.php 第 36 行.

[ 2020-05-01T22:37:00+08:00 ] ::1 /together/index.php/Home/Idveri/Idveri
INFO: [ app_init ] --START--
INFO: Run Behavior\BuildLiteBehavior [ RunTime:0.000010s ]
INFO: [ app_init ] --END-- [ RunTime:0.000988s ]
INFO: [ app_begin ] --START--
INFO: Run Behavior\ReadHtmlCacheBehavior [ RunTime:0.001383s ]
INFO: [ app_begin ] --END-- [ RunTime:0.001425s ]
SQL: SHOW COLUMNS FROM `verified` [ RunTime:0.0572s ]
SQL: SELECT `vsn`,`vname` FROM `verified` WHERE ( vsn='2018210445' ) LIMIT 1   [ RunTime:0.0004s ]

[ 2020-05-01T22:37:10+08:00 ] ::1 /together/index.php/Home/Idveri/Idveri
INFO: [ app_init ] --START--
INFO: Run Behavior\BuildLiteBehavior [ RunTime:0.000007s ]
INFO: [ app_init ] --END-- [ RunTime:0.000818s ]
INFO: [ app_begin ] --START--
INFO: Run Behavior\ReadHtmlCacheBehavior [ RunTime:0.001218s ]
INFO: [ app_begin ] --END-- [ RunTime:0.001251s ]
SQL: SHOW COLUMNS FROM `verified` [ RunTime:0.0139s ]
SQL: SELECT `vsn`,`vname` FROM `verified` WHERE ( vsn='2018210445' ) LIMIT 1   [ RunTime:0.0002s ]

[ 2020-05-01T22:39:41+08:00 ] ::1 /together/index.php/Home/Idveri/Idveri
INFO: [ app_init ] --START--
INFO: Run Behavior\BuildLiteBehavior [ RunTime:0.000005s ]
INFO: [ app_init ] --END-- [ RunTime:0.000661s ]
INFO: [ app_begin ] --START--
INFO: Run Behavior\ReadHtmlCacheBehavior [ RunTime:0.000860s ]
INFO: [ app_begin ] --END-- [ RunTime:0.000880s ]
SQL: SHOW COLUMNS FROM `verified` [ RunTime:0.0820s ]
SQL: SELECT `vsn`,`vname` FROM `verified` WHERE ( vsn='2018210445' ) LIMIT 1   [ RunTime:0.0192s ]

[ 2020-05-01T22:39:50+08:00 ] ::1 /together/index.php/Home/Idveri/Idveri
INFO: [ app_init ] --START--
INFO: Run Behavior\BuildLiteBehavior [ RunTime:0.000005s ]
INFO: [ app_init ] --END-- [ RunTime:0.000733s ]
INFO: [ app_begin ] --START--
INFO: Run Behavior\ReadHtmlCacheBehavior [ RunTime:0.000878s ]
INFO: [ app_begin ] --END-- [ RunTime:0.000900s ]
SQL: SHOW COLUMNS FROM `verified` [ RunTime:0.0659s ]
SQL: SELECT `vsn`,`vname` FROM `verified` WHERE ( vsn='2018210444' ) LIMIT 1   [ RunTime:0.0003s ]

[ 2020-05-01T22:40:18+08:00 ] ::1 /together/index.php/Home/Idveri/Idveri
INFO: [ app_init ] --START--
INFO: Run Behavior\BuildLiteBehavior [ RunTime:0.000011s ]
INFO: [ app_init ] --END-- [ RunTime:0.001032s ]
INFO: [ app_begin ] --START--
INFO: Run Behavior\ReadHtmlCacheBehavior [ RunTime:0.000919s ]
INFO: [ app_begin ] --END-- [ RunTime:0.000949s ]
SQL: SHOW COLUMNS FROM `verified` [ RunTime:0.0164s ]
SQL: SELECT `vsn`,`vname` FROM `verified` WHERE ( vsn=2018210444 ) LIMIT 1   [ RunTime:0.0002s ]

[ 2020-05-01T22:40:23+08:00 ] ::1 /together/index.php/Home/Idveri/Idveri
INFO: [ app_init ] --START--
INFO: Run Behavior\BuildLiteBehavior [ RunTime:0.000008s ]
INFO: [ app_init ] --END-- [ RunTime:0.000831s ]
INFO: [ app_begin ] --START--
INFO: Run Behavior\ReadHtmlCacheBehavior [ RunTime:0.000888s ]
INFO: [ app_begin ] --END-- [ RunTime:0.000915s ]
SQL: SHOW COLUMNS FROM `verified` [ RunTime:0.0081s ]
SQL: SELECT `vsn`,`vname` FROM `verified` WHERE ( vsn=2018210448 ) LIMIT 1   [ RunTime:0.0003s ]

[ 2020-05-01T22:40:35+08:00 ] ::1 /together/index.php/Home/Idveri/Idveri
INFO: [ app_init ] --START--
INFO: Run Behavior\BuildLiteBehavior [ RunTime:0.000007s ]
INFO: [ app_init ] --END-- [ RunTime:0.000909s ]
INFO: [ app_begin ] --START--
INFO: Run Behavior\ReadHtmlCacheBehavior [ RunTime:0.001094s ]
INFO: [ app_begin ] --END-- [ RunTime:0.001127s ]
SQL: SHOW COLUMNS FROM `verified` [ RunTime:0.0297s ]
SQL: SELECT `vsn`,`vname` FROM `verified` WHERE ( vsn=2018210448 ) LIMIT 1   [ RunTime:0.0009s ]

[ 2020-05-01T22:40:41+08:00 ] ::1 /together/index.php/Home/Idveri/Idveri
INFO: [ app_init ] --START--
INFO: Run Behavior\BuildLiteBehavior [ RunTime:0.000006s ]
INFO: [ app_init ] --END-- [ RunTime:0.000555s ]
INFO: [ app_begin ] --START--
INFO: Run Behavior\ReadHtmlCacheBehavior [ RunTime:0.002050s ]
INFO: [ app_begin ] --END-- [ RunTime:0.002202s ]
SQL: SHOW COLUMNS FROM `verified` [ RunTime:0.0103s ]
SQL: SELECT `vsn`,`vname` FROM `verified` WHERE ( vsn=2018210448 ) LIMIT 1   [ RunTime:0.0002s ]

[ 2020-05-01T22:41:05+08:00 ] ::1 /together/index.php/Home/Idveri/Idveri
INFO: [ app_init ] --START--
INFO: Run Behavior\BuildLiteBehavior [ RunTime:0.000012s ]
INFO: [ app_init ] --END-- [ RunTime:0.000850s ]
INFO: [ app_begin ] --START--
INFO: Run Behavior\ReadHtmlCacheBehavior [ RunTime:0.001708s ]
INFO: [ app_begin ] --END-- [ RunTime:0.001759s ]
SQL: SHOW COLUMNS FROM `verified` [ RunTime:0.0121s ]
SQL: SELECT `vsn`,`vname` FROM `verified` WHERE ( vsn=2018210448 ) LIMIT 1   [ RunTime:0.0002s ]

[ 2020-05-01T22:41:44+08:00 ] ::1 /together/index.php/Home/Idveri/Idveri
INFO: [ app_init ] --START--
INFO: Run Behavior\BuildLiteBehavior [ RunTime:0.000008s ]
INFO: [ app_init ] --END-- [ RunTime:0.001086s ]
INFO: [ app_begin ] --START--
INFO: Run Behavior\ReadHtmlCacheBehavior [ RunTime:0.000865s ]
INFO: [ app_begin ] --END-- [ RunTime:0.000892s ]
SQL: SHOW COLUMNS FROM `verified` [ RunTime:0.0746s ]
SQL: SELECT * FROM `verified` WHERE ( vsn=2018210448 ) LIMIT 1   [ RunTime:0.0002s ]

[ 2020-05-01T22:41:48+08:00 ] ::1 /together/index.php/Home/Idveri/Idveri
INFO: [ app_init ] --START--
INFO: Run Behavior\BuildLiteBehavior [ RunTime:0.000006s ]
INFO: [ app_init ] --END-- [ RunTime:0.000933s ]
INFO: [ app_begin ] --START--
INFO: Run Behavior\ReadHtmlCacheBehavior [ RunTime:0.000671s ]
INFO: [ app_begin ] --END-- [ RunTime:0.000696s ]
SQL: SHOW COLUMNS FROM `verified` [ RunTime:0.0616s ]
SQL: SELECT * FROM `verified` WHERE ( vsn=201821049 ) LIMIT 1   [ RunTime:0.0002s ]

[ 2020-05-01T22:42:17+08:00 ] ::1 /together/index.php/Home/Idveri/Idveri
INFO: [ app_init ] --START--
INFO: Run Behavior\BuildLiteBehavior [ RunTime:0.000012s ]
INFO: [ app_init ] --END-- [ RunTime:0.001812s ]
INFO: [ app_begin ] --START--
INFO: Run Behavior\ReadHtmlCacheBehavior [ RunTime:0.000652s ]
INFO: [ app_begin ] --END-- [ RunTime:0.000674s ]
SQL: SHOW COLUMNS FROM `verified` [ RunTime:0.0147s ]
SQL: SELECT * FROM `verified` WHERE ( vsn=201821049 ) LIMIT 1   [ RunTime:0.0002s ]

[ 2020-05-01T22:42:43+08:00 ] ::1 /together/index.php/Home/Idveri/Idveri
INFO: [ app_init ] --START--
INFO: Run Behavior\BuildLiteBehavior [ RunTime:0.000008s ]
INFO: [ app_init ] --END-- [ RunTime:0.000816s ]
INFO: [ app_begin ] --START--
INFO: Run Behavior\ReadHtmlCacheBehavior [ RunTime:0.001169s ]
INFO: [ app_begin ] --END-- [ RunTime:0.001228s ]
SQL: SHOW COLUMNS FROM `verified` [ RunTime:0.0542s ]
SQL: SELECT * FROM `verified` WHERE ( vsn=2018210447 ) LIMIT 1   [ RunTime:0.0002s ]

[ 2020-05-01T22:42:47+08:00 ] ::1 /together/index.php/Home/Idveri/Idveri
INFO: [ app_init ] --START--
INFO: Run Behavior\BuildLiteBehavior [ RunTime:0.000016s ]
INFO: [ app_init ] --END-- [ RunTime:0.002276s ]
INFO: [ app_begin ] --START--
INFO: Run Behavior\ReadHtmlCacheBehavior [ RunTime:0.002320s ]
INFO: [ app_begin ] --END-- [ RunTime:0.002374s ]
SQL: SHOW COLUMNS FROM `verified` [ RunTime:0.0089s ]
SQL: SELECT * FROM `verified` WHERE ( vsn=2018210448 ) LIMIT 1   [ RunTime:0.0002s ]

[ 2020-05-01T22:51:30+08:00 ] ::1 /together/index.php/Home/Idveri/Idveri
INFO: [ app_init ] --START--
INFO: Run Behavior\BuildLiteBehavior [ RunTime:0.000008s ]
INFO: [ app_init ] --END-- [ RunTime:0.001262s ]
INFO: [ app_begin ] --START--
INFO: Run Behavior\ReadHtmlCacheBehavior [ RunTime:0.001479s ]
INFO: [ app_begin ] --END-- [ RunTime:0.001515s ]
SQL: SHOW COLUMNS FROM `verified` [ RunTime:0.0153s ]
SQL: SELECT * FROM `verified` WHERE ( vsn=2018210448 ) LIMIT 1   [ RunTime:0.0003s ]

[ 2020-05-01T22:54:30+08:00 ] ::1 /together/index.php/Home/Idveri/Idveri
INFO: [ app_init ] --START--
INFO: Run Behavior\BuildLiteBehavior [ RunTime:0.000012s ]
INFO: [ app_init ] --END-- [ RunTime:0.001552s ]
INFO: [ app_begin ] --START--
INFO: Run Behavior\ReadHtmlCacheBehavior [ RunTime:0.001856s ]
INFO: [ app_begin ] --END-- [ RunTime:0.001937s ]
SQL: SHOW COLUMNS FROM `verified` [ RunTime:0.0622s ]
SQL: SELECT * FROM `verified` WHERE ( vsn=2018210445 ) LIMIT 1   [ RunTime:0.0111s ]

[ 2020-05-01T22:54:39+08:00 ] ::1 /together/index.php/Home/Idveri/Idveri
INFO: [ app_init ] --START--
INFO: Run Behavior\BuildLiteBehavior [ RunTime:0.000005s ]
INFO: [ app_init ] --END-- [ RunTime:0.000554s ]
INFO: [ app_begin ] --START--
INFO: Run Behavior\ReadHtmlCacheBehavior [ RunTime:0.001109s ]
INFO: [ app_begin ] --END-- [ RunTime:0.001141s ]
SQL: SHOW COLUMNS FROM `verified` [ RunTime:0.0545s ]
SQL: SELECT * FROM `verified` WHERE ( vsn=2018210445 ) LIMIT 1   [ RunTime:0.0003s ]

[ 2020-05-01T22:58:36+08:00 ] ::1 /together/index.php/Home/Idveri/Idveri
INFO: [ app_init ] --START--
INFO: Run Behavior\BuildLiteBehavior [ RunTime:0.000006s ]
INFO: [ app_init ] --END-- [ RunTime:0.000568s ]
INFO: [ app_begin ] --START--
INFO: Run Behavior\ReadHtmlCacheBehavior [ RunTime:0.000799s ]
INFO: [ app_begin ] --END-- [ RunTime:0.000821s ]
SQL: SHOW COLUMNS FROM `verified` [ RunTime:0.0786s ]
SQL: SELECT * FROM `verified` WHERE ( vsn=2018210445 ) LIMIT 1   [ RunTime:0.0004s ]

[ 2020-05-01T23:03:27+08:00 ] ::1 /together/index.php/Home/Idveri/Idveri
INFO: [ app_init ] --START--
INFO: Run Behavior\BuildLiteBehavior [ RunTime:0.000009s ]
INFO: [ app_init ] --END-- [ RunTime:0.000962s ]
INFO: [ app_begin ] --START--
INFO: Run Behavior\ReadHtmlCacheBehavior [ RunTime:0.001036s ]
INFO: [ app_begin ] --END-- [ RunTime:0.001061s ]
SQL: SHOW COLUMNS FROM `verified` [ RunTime:0.6174s ]
SQL: SELECT * FROM `verified` WHERE ( vsn=2018210445 ) LIMIT 1   [ RunTime:0.0004s ]

[ 2020-05-01T23:03:28+08:00 ] ::1 /together/index.php/Home/Idveri/Idveri
INFO: [ app_init ] --START--
INFO: Run Behavior\BuildLiteBehavior [ RunTime:0.000010s ]
INFO: [ app_init ] --END-- [ RunTime:0.000959s ]
INFO: [ app_begin ] --START--
INFO: Run Behavior\ReadHtmlCacheBehavior [ RunTime:0.001157s ]
INFO: [ app_begin ] --END-- [ RunTime:0.001203s ]
SQL: SHOW COLUMNS FROM `verified` [ RunTime:0.0569s ]
SQL: SELECT * FROM `verified` WHERE ( vsn=2018210445 ) LIMIT 1   [ RunTime:0.0002s ]

[ 2020-05-01T23:07:09+08:00 ] ::1 /together/index.php/Home/Idveri/Idveri
INFO: [ app_init ] --START--
INFO: Run Behavior\BuildLiteBehavior [ RunTime:0.000006s ]
INFO: [ app_init ] --END-- [ RunTime:0.000697s ]
INFO: [ app_begin ] --START--
INFO: Run Behavior\ReadHtmlCacheBehavior [ RunTime:0.000827s ]
INFO: [ app_begin ] --END-- [ RunTime:0.000852s ]
SQL: SHOW COLUMNS FROM `verified` [ RunTime:0.0659s ]
SQL: SELECT * FROM `verified` WHERE ( vsn=2018210445 ) LIMIT 1   [ RunTime:0.0004s ]

[ 2020-05-01T23:07:10+08:00 ] ::1 /together/index.php/Home/Idveri/Idveri
INFO: [ app_init ] --START--
INFO: Run Behavior\BuildLiteBehavior [ RunTime:0.000005s ]
INFO: [ app_init ] --END-- [ RunTime:0.000622s ]
INFO: [ app_begin ] --START--
INFO: Run Behavior\ReadHtmlCacheBehavior [ RunTime:0.000639s ]
INFO: [ app_begin ] --END-- [ RunTime:0.000658s ]
SQL: SHOW COLUMNS FROM `verified` [ RunTime:0.0940s ]
SQL: SELECT * FROM `verified` WHERE ( vsn=2018210445 ) LIMIT 1   [ RunTime:0.0003s ]

[ 2020-05-01T23:07:11+08:00 ] ::1 /together/index.php/Home/Idveri/Idveri
INFO: [ app_init ] --START--
INFO: Run Behavior\BuildLiteBehavior [ RunTime:0.000006s ]
INFO: [ app_init ] --END-- [ RunTime:0.000665s ]
INFO: [ app_begin ] --START--
INFO: Run Behavior\ReadHtmlCacheBehavior [ RunTime:0.000852s ]
INFO: [ app_begin ] --END-- [ RunTime:0.000896s ]
SQL: SHOW COLUMNS FROM `verified` [ RunTime:0.0534s ]
SQL: SELECT * FROM `verified` WHERE ( vsn=2018210445 ) LIMIT 1   [ RunTime:0.0003s ]

[ 2020-05-01T23:07:12+08:00 ] ::1 /together/index.php/Home/Idveri/Idveri
INFO: [ app_init ] --START--
INFO: Run Behavior\BuildLiteBehavior [ RunTime:0.000008s ]
INFO: [ app_init ] --END-- [ RunTime:0.000791s ]
INFO: [ app_begin ] --START--
INFO: Run Behavior\ReadHtmlCacheBehavior [ RunTime:0.000823s ]
INFO: [ app_begin ] --END-- [ RunTime:0.000847s ]
SQL: SHOW COLUMNS FROM `verified` [ RunTime:0.0122s ]
SQL: SELECT * FROM `verified` WHERE ( vsn=2018210445 ) LIMIT 1   [ RunTime:0.0005s ]

[ 2020-05-01T23:07:47+08:00 ] ::1 /together/index.php/Home/Idveri/Idveri
INFO: [ app_init ] --START--
INFO: Run Behavior\BuildLiteBehavior [ RunTime:0.000034s ]
INFO: [ app_init ] --END-- [ RunTime:0.002601s ]
INFO: [ app_begin ] --START--
INFO: Run Behavior\ReadHtmlCacheBehavior [ RunTime:0.002545s ]
INFO: [ app_begin ] --END-- [ RunTime:0.002616s ]
NOTIC: [8] Undefined index: StudentId D:\xampp\htdocs\together\Application\Home\Controller\IdveriController.class.php 第 9 行.

[ 2020-05-01T23:11:35+08:00 ] ::1 /together/index.php/Home/Index/test
INFO: [ app_init ] --START--
INFO: Run Behavior\BuildLiteBehavior [ RunTime:0.000006s ]
INFO: [ app_init ] --END-- [ RunTime:0.000717s ]
INFO: [ app_begin ] --START--
INFO: Run Behavior\ReadHtmlCacheBehavior [ RunTime:0.000885s ]
INFO: [ app_begin ] --END-- [ RunTime:0.000907s ]
SQL: SHOW COLUMNS FROM `verified` [ RunTime:0.0182s ]
SQL: UPDATE `verified` SET `vbool`='1' WHERE `vsn` = 2018210445 [ RunTime:0.0766s ]
INFO: [ app_end ] --START--
INFO: Run Behavior\ShowPageTraceBehavior [ RunTime:0.021093s ]
INFO: [ app_end ] --END-- [ RunTime:0.021187s ]

[ 2020-05-01T23:11:42+08:00 ] ::1 /together/index.php/Home/Index/test
INFO: [ app_init ] --START--
INFO: Run Behavior\BuildLiteBehavior [ RunTime:0.000005s ]
INFO: [ app_init ] --END-- [ RunTime:0.000643s ]
INFO: [ app_begin ] --START--
INFO: Run Behavior\ReadHtmlCacheBehavior [ RunTime:0.001061s ]
INFO: [ app_begin ] --END-- [ RunTime:0.001115s ]
SQL: SHOW COLUMNS FROM `verified` [ RunTime:0.0666s ]
SQL: UPDATE `verified` SET `vbool`='1' WHERE `vsn` = 2018210445 [ RunTime:0.0462s ]
INFO: [ app_end ] --START--
INFO: Run Behavior\ShowPageTraceBehavior [ RunTime:0.001893s ]
INFO: [ app_end ] --END-- [ RunTime:0.001947s ]

[ 2020-05-01T23:11:49+08:00 ] ::1 /together/index.php/Home/Index/test
INFO: [ app_init ] --START--
INFO: Run Behavior\BuildLiteBehavior [ RunTime:0.000005s ]
INFO: [ app_init ] --END-- [ RunTime:0.000535s ]
INFO: [ app_begin ] --START--
INFO: Run Behavior\ReadHtmlCacheBehavior [ RunTime:0.000654s ]
INFO: [ app_begin ] --END-- [ RunTime:0.000672s ]
SQL: SHOW COLUMNS FROM `verified` [ RunTime:0.0758s ]
SQL: UPDATE `verified` SET `vbool`='1' WHERE `vsn` = 2018210445 [ RunTime:0.0442s ]
INFO: [ app_end ] --START--
INFO: Run Behavior\ShowPageTraceBehavior [ RunTime:0.001048s ]
INFO: [ app_end ] --END-- [ RunTime:0.001068s ]

[ 2020-05-01T23:12:04+08:00 ] ::1 /together/index.php/Home/Index/test
INFO: [ app_init ] --START--
INFO: Run Behavior\BuildLiteBehavior [ RunTime:0.000007s ]
INFO: [ app_init ] --END-- [ RunTime:0.000641s ]
INFO: [ app_begin ] --START--
INFO: Run Behavior\ReadHtmlCacheBehavior [ RunTime:0.000699s ]
INFO: [ app_begin ] --END-- [ RunTime:0.000723s ]
SQL: SHOW COLUMNS FROM `verified` [ RunTime:0.0093s ]
SQL: UPDATE `verified` SET `vbool`='1' WHERE `vsn` = 2018210445 [ RunTime:0.0299s ]
INFO: [ app_end ] --START--
INFO: Run Behavior\ShowPageTraceBehavior [ RunTime:0.003622s ]
INFO: [ app_end ] --END-- [ RunTime:0.003755s ]

[ 2020-05-01T23:12:07+08:00 ] ::1 /together/index.php/Home/Index/test
INFO: [ app_init ] --START--
INFO: Run Behavior\BuildLiteBehavior [ RunTime:0.000005s ]
INFO: [ app_init ] --END-- [ RunTime:0.000654s ]
INFO: [ app_begin ] --START--
INFO: Run Behavior\ReadHtmlCacheBehavior [ RunTime:0.000576s ]
INFO: [ app_begin ] --END-- [ RunTime:0.000595s ]
SQL: SHOW COLUMNS FROM `verified` [ RunTime:0.0576s ]
SQL: UPDATE `verified` SET `vbool`='1' WHERE `vsn` = 2018210445 [ RunTime:0.0235s ]
INFO: [ app_end ] --START--
INFO: Run Behavior\ShowPageTraceBehavior [ RunTime:0.000867s ]
INFO: [ app_end ] --END-- [ RunTime:0.000886s ]

[ 2020-05-01T23:12:14+08:00 ] ::1 /together/index.php/Home/Index/test
INFO: [ app_init ] --START--
INFO: Run Behavior\BuildLiteBehavior [ RunTime:0.000005s ]
INFO: [ app_init ] --END-- [ RunTime:0.000543s ]
INFO: [ app_begin ] --START--
INFO: Run Behavior\ReadHtmlCacheBehavior [ RunTime:0.000627s ]
INFO: [ app_begin ] --END-- [ RunTime:0.000646s ]
SQL: SHOW COLUMNS FROM `verified` [ RunTime:0.0723s ]
SQL: UPDATE `verified` SET `vbool`='1' WHERE `vsn` = 2018210445 [ RunTime:0.0218s ]
INFO: [ app_end ] --START--
INFO: Run Behavior\ShowPageTraceBehavior [ RunTime:0.001254s ]
INFO: [ app_end ] --END-- [ RunTime:0.001296s ]

[ 2020-05-01T23:12:29+08:00 ] ::1 /together/index.php/Home/Index/test
INFO: [ app_init ] --START--
INFO: Run Behavior\BuildLiteBehavior [ RunTime:0.000005s ]
INFO: [ app_init ] --END-- [ RunTime:0.000590s ]
INFO: [ app_begin ] --START--
INFO: Run Behavior\ReadHtmlCacheBehavior [ RunTime:0.000707s ]
INFO: [ app_begin ] --END-- [ RunTime:0.000725s ]
SQL: SHOW COLUMNS FROM `verified` [ RunTime:0.0551s ]
SQL: UPDATE `verified` SET `vbool`='1' WHERE `vsn` = 2018210445 [ RunTime:0.0408s ]
INFO: [ app_end ] --START--
INFO: Run Behavior\ShowPageTraceBehavior [ RunTime:0.003231s ]
INFO: [ app_end ] --END-- [ RunTime:0.003320s ]

[ 2020-05-01T23:12:31+08:00 ] ::1 /together/index.php/Home/Index/test
INFO: [ app_init ] --START--
INFO: Run Behavior\BuildLiteBehavior [ RunTime:0.000008s ]
INFO: [ app_init ] --END-- [ RunTime:0.000855s ]
INFO: [ app_begin ] --START--
INFO: Run Behavior\ReadHtmlCacheBehavior [ RunTime:0.000644s ]
INFO: [ app_begin ] --END-- [ RunTime:0.000665s ]
SQL: SHOW COLUMNS FROM `verified` [ RunTime:0.0151s ]
SQL: UPDATE `verified` SET `vbool`='1' WHERE `vsn` = 2018210445 [ RunTime:0.0505s ]
INFO: [ app_end ] --START--
INFO: Run Behavior\ShowPageTraceBehavior [ RunTime:0.003172s ]
INFO: [ app_end ] --END-- [ RunTime:0.003268s ]

[ 2020-05-01T23:12:51+08:00 ] ::1 /together/index.php/Home/Index/test
INFO: [ app_init ] --START--
INFO: Run Behavior\BuildLiteBehavior [ RunTime:0.000006s ]
INFO: [ app_init ] --END-- [ RunTime:0.000610s ]
INFO: [ app_begin ] --START--
INFO: Run Behavior\ReadHtmlCacheBehavior [ RunTime:0.000541s ]
INFO: [ app_begin ] --END-- [ RunTime:0.000560s ]
SQL: SHOW COLUMNS FROM `verified` [ RunTime:0.0757s ]
SQL: UPDATE `verified` SET `vbool`='1' WHERE `vsn` = 2018210444 [ RunTime:0.0181s ]
INFO: [ app_end ] --START--
INFO: Run Behavior\ShowPageTraceBehavior [ RunTime:0.001692s ]
INFO: [ app_end ] --END-- [ RunTime:0.001742s ]

[ 2020-05-01T23:13:45+08:00 ] ::1 /together/index.php/Home/Idveri/Idveri
INFO: [ app_init ] --START--
INFO: Run Behavior\BuildLiteBehavior [ RunTime:0.000014s ]
INFO: [ app_init ] --END-- [ RunTime:0.001452s ]
INFO: [ app_begin ] --START--
INFO: Run Behavior\ReadHtmlCacheBehavior [ RunTime:0.003277s ]
INFO: [ app_begin ] --END-- [ RunTime:0.003393s ]
SQL: SHOW COLUMNS FROM `verified` [ RunTime:0.0143s ]
SQL: SELECT * FROM `verified` WHERE ( vsn=2018210448 ) LIMIT 1   [ RunTime:0.0005s ]

[ 2020-05-01T23:15:09+08:00 ] ::1 /together/index.php/Home/Idveri/Idveri
INFO: [ app_init ] --START--
INFO: Run Behavior\BuildLiteBehavior [ RunTime:0.000017s ]
INFO: [ app_init ] --END-- [ RunTime:0.001241s ]
INFO: [ app_begin ] --START--
INFO: Run Behavior\ReadHtmlCacheBehavior [ RunTime:0.001480s ]
INFO: [ app_begin ] --END-- [ RunTime:0.001546s ]
SQL: SHOW COLUMNS FROM `verified` [ RunTime:0.0559s ]
SQL: SELECT * FROM `verified` WHERE ( vsn=2018210448 ) LIMIT 1   [ RunTime:0.0127s ]

[ 2020-05-01T23:17:14+08:00 ] ::1 /together/index.php/Home/Idveri/Idveri
INFO: [ app_init ] --START--
INFO: Run Behavior\BuildLiteBehavior [ RunTime:0.000012s ]
INFO: [ app_init ] --END-- [ RunTime:0.001360s ]
INFO: [ app_begin ] --START--
INFO: Run Behavior\ReadHtmlCacheBehavior [ RunTime:0.001173s ]
INFO: [ app_begin ] --END-- [ RunTime:0.001330s ]
SQL: SHOW COLUMNS FROM `verified` [ RunTime:0.0703s ]
SQL: SELECT * FROM `verified` WHERE ( vsn=2018210448 ) LIMIT 1   [ RunTime:0.0003s ]

[ 2020-05-01T23:18:55+08:00 ] ::1 /together/index.php/Home/Idveri/Idveri
INFO: [ app_init ] --START--
INFO: Run Behavior\BuildLiteBehavior [ RunTime:0.000005s ]
INFO: [ app_init ] --END-- [ RunTime:0.000617s ]
INFO: [ app_begin ] --START--
INFO: Run Behavior\ReadHtmlCacheBehavior [ RunTime:0.000923s ]
INFO: [ app_begin ] --END-- [ RunTime:0.000968s ]
SQL: SHOW COLUMNS FROM `verified` [ RunTime:0.0122s ]
SQL: SELECT * FROM `verified` WHERE ( vsn=2018210448 ) LIMIT 1   [ RunTime:0.0003s ]

[ 2020-05-01T23:19:57+08:00 ] ::1 /together/index.php/Home/Index/test
INFO: [ app_init ] --START--
INFO: Run Behavior\BuildLiteBehavior [ RunTime:0.000007s ]
INFO: [ app_init ] --END-- [ RunTime:0.001021s ]
INFO: [ app_begin ] --START--
INFO: Run Behavior\ReadHtmlCacheBehavior [ RunTime:0.002827s ]
INFO: [ app_begin ] --END-- [ RunTime:0.002933s ]
SQL: SHOW COLUMNS FROM `verified` [ RunTime:0.0217s ]
ERR: Array callback has to contain indices 0 and 1

[ 2020-05-01T23:20:51+08:00 ] ::1 /together/index.php/Home/Index/test
INFO: [ app_init ] --START--
INFO: Run Behavior\BuildLiteBehavior [ RunTime:0.000012s ]
INFO: [ app_init ] --END-- [ RunTime:0.000974s ]
INFO: [ app_begin ] --START--
INFO: Run Behavior\ReadHtmlCacheBehavior [ RunTime:0.000948s ]
INFO: [ app_begin ] --END-- [ RunTime:0.000998s ]
SQL: SHOW COLUMNS FROM `verified` [ RunTime:0.0117s ]
ERR: Array callback has to contain indices 0 and 1

